{"/Users/boversauros/bootcamp/collab/skylab-bootcamp-201901/staff/oriol-bover/fly-me/flyme-api/src/logic/index.spec.js":{"path":"/Users/boversauros/bootcamp/collab/skylab-bootcamp-201901/staff/oriol-bover/fly-me/flyme-api/src/logic/index.spec.js","statementMap":{"0":{"start":{"line":3,"column":0},"end":{"line":3,"column":26}},"1":{"start":{"line":4,"column":0},"end":{"line":4,"column":27}},"2":{"start":{"line":6,"column":63},"end":{"line":6,"column":84}},"3":{"start":{"line":7,"column":15},"end":{"line":7,"column":32}},"4":{"start":{"line":8,"column":14},"end":{"line":8,"column":26}},"5":{"start":{"line":9,"column":15},"end":{"line":9,"column":32}},"6":{"start":{"line":11,"column":28},"end":{"line":11,"column":35}},"7":{"start":{"line":13,"column":0},"end":{"line":2506,"column":2}},"8":{"start":{"line":14,"column":4},"end":{"line":14,"column":69}},"9":{"start":{"line":14,"column":17},"end":{"line":14,"column":68}},"10":{"start":{"line":16,"column":4},"end":{"line":23,"column":5}},"11":{"start":{"line":17,"column":8},"end":{"line":22,"column":10}},"12":{"start":{"line":25,"column":4},"end":{"line":266,"column":6}},"13":{"start":{"line":26,"column":21},"end":{"line":26,"column":27}},"14":{"start":{"line":27,"column":24},"end":{"line":27,"column":32}},"15":{"start":{"line":28,"column":22},"end":{"line":28,"column":53}},"16":{"start":{"line":29,"column":25},"end":{"line":29,"column":51}},"17":{"start":{"line":30,"column":37},"end":{"line":30,"column":45}},"18":{"start":{"line":32,"column":8},"end":{"line":38,"column":10}},"19":{"start":{"line":33,"column":12},"end":{"line":37,"column":18}},"20":{"start":{"line":35,"column":20},"end":{"line":35,"column":44}},"21":{"start":{"line":36,"column":20},"end":{"line":36,"column":52}},"22":{"start":{"line":40,"column":8},"end":{"line":48,"column":10}},"23":{"start":{"line":41,"column":12},"end":{"line":47,"column":18}},"24":{"start":{"line":42,"column":28},"end":{"line":42,"column":100}},"25":{"start":{"line":43,"column":28},"end":{"line":43,"column":54}},"26":{"start":{"line":45,"column":20},"end":{"line":45,"column":45}},"27":{"start":{"line":46,"column":20},"end":{"line":46,"column":87}},"28":{"start":{"line":50,"column":8},"end":{"line":55,"column":10}},"29":{"start":{"line":51,"column":28},"end":{"line":51,"column":37}},"30":{"start":{"line":52,"column":12},"end":{"line":54,"column":63}},"31":{"start":{"line":53,"column":16},"end":{"line":53,"column":91}},"32":{"start":{"line":57,"column":8},"end":{"line":62,"column":10}},"33":{"start":{"line":58,"column":28},"end":{"line":58,"column":31}},"34":{"start":{"line":59,"column":12},"end":{"line":61,"column":63}},"35":{"start":{"line":60,"column":16},"end":{"line":60,"column":91}},"36":{"start":{"line":64,"column":8},"end":{"line":69,"column":10}},"37":{"start":{"line":65,"column":28},"end":{"line":65,"column":32}},"38":{"start":{"line":66,"column":12},"end":{"line":68,"column":63}},"39":{"start":{"line":67,"column":16},"end":{"line":67,"column":91}},"40":{"start":{"line":71,"column":8},"end":{"line":76,"column":10}},"41":{"start":{"line":72,"column":28},"end":{"line":72,"column":36}},"42":{"start":{"line":73,"column":12},"end":{"line":75,"column":63}},"43":{"start":{"line":74,"column":16},"end":{"line":74,"column":91}},"44":{"start":{"line":78,"column":8},"end":{"line":83,"column":10}},"45":{"start":{"line":79,"column":28},"end":{"line":79,"column":44}},"46":{"start":{"line":80,"column":12},"end":{"line":82,"column":63}},"47":{"start":{"line":81,"column":16},"end":{"line":81,"column":91}},"48":{"start":{"line":85,"column":8},"end":{"line":90,"column":10}},"49":{"start":{"line":86,"column":28},"end":{"line":86,"column":30}},"50":{"start":{"line":87,"column":12},"end":{"line":89,"column":55}},"51":{"start":{"line":88,"column":16},"end":{"line":88,"column":91}},"52":{"start":{"line":92,"column":8},"end":{"line":97,"column":10}},"53":{"start":{"line":93,"column":31},"end":{"line":93,"column":40}},"54":{"start":{"line":94,"column":12},"end":{"line":96,"column":66}},"55":{"start":{"line":95,"column":16},"end":{"line":95,"column":91}},"56":{"start":{"line":99,"column":8},"end":{"line":104,"column":10}},"57":{"start":{"line":100,"column":31},"end":{"line":100,"column":34}},"58":{"start":{"line":101,"column":12},"end":{"line":103,"column":66}},"59":{"start":{"line":102,"column":16},"end":{"line":102,"column":91}},"60":{"start":{"line":106,"column":8},"end":{"line":111,"column":10}},"61":{"start":{"line":107,"column":31},"end":{"line":107,"column":35}},"62":{"start":{"line":108,"column":12},"end":{"line":110,"column":66}},"63":{"start":{"line":109,"column":16},"end":{"line":109,"column":91}},"64":{"start":{"line":113,"column":8},"end":{"line":118,"column":10}},"65":{"start":{"line":114,"column":31},"end":{"line":114,"column":39}},"66":{"start":{"line":115,"column":12},"end":{"line":117,"column":66}},"67":{"start":{"line":116,"column":16},"end":{"line":116,"column":91}},"68":{"start":{"line":120,"column":8},"end":{"line":125,"column":10}},"69":{"start":{"line":121,"column":31},"end":{"line":121,"column":47}},"70":{"start":{"line":122,"column":12},"end":{"line":124,"column":66}},"71":{"start":{"line":123,"column":16},"end":{"line":123,"column":91}},"72":{"start":{"line":127,"column":8},"end":{"line":132,"column":10}},"73":{"start":{"line":128,"column":31},"end":{"line":128,"column":33}},"74":{"start":{"line":129,"column":12},"end":{"line":131,"column":58}},"75":{"start":{"line":130,"column":16},"end":{"line":130,"column":91}},"76":{"start":{"line":134,"column":8},"end":{"line":139,"column":10}},"77":{"start":{"line":135,"column":29},"end":{"line":135,"column":38}},"78":{"start":{"line":136,"column":12},"end":{"line":138,"column":64}},"79":{"start":{"line":137,"column":16},"end":{"line":137,"column":91}},"80":{"start":{"line":141,"column":8},"end":{"line":146,"column":10}},"81":{"start":{"line":142,"column":29},"end":{"line":142,"column":32}},"82":{"start":{"line":143,"column":12},"end":{"line":145,"column":64}},"83":{"start":{"line":144,"column":16},"end":{"line":144,"column":91}},"84":{"start":{"line":148,"column":8},"end":{"line":153,"column":10}},"85":{"start":{"line":149,"column":29},"end":{"line":149,"column":33}},"86":{"start":{"line":150,"column":12},"end":{"line":152,"column":64}},"87":{"start":{"line":151,"column":16},"end":{"line":151,"column":91}},"88":{"start":{"line":155,"column":8},"end":{"line":160,"column":10}},"89":{"start":{"line":156,"column":29},"end":{"line":156,"column":37}},"90":{"start":{"line":157,"column":12},"end":{"line":159,"column":64}},"91":{"start":{"line":158,"column":16},"end":{"line":158,"column":91}},"92":{"start":{"line":162,"column":8},"end":{"line":167,"column":10}},"93":{"start":{"line":163,"column":29},"end":{"line":163,"column":45}},"94":{"start":{"line":164,"column":12},"end":{"line":166,"column":64}},"95":{"start":{"line":165,"column":16},"end":{"line":165,"column":91}},"96":{"start":{"line":169,"column":8},"end":{"line":174,"column":10}},"97":{"start":{"line":170,"column":29},"end":{"line":170,"column":31}},"98":{"start":{"line":171,"column":12},"end":{"line":173,"column":56}},"99":{"start":{"line":172,"column":16},"end":{"line":172,"column":91}},"100":{"start":{"line":176,"column":8},"end":{"line":181,"column":10}},"101":{"start":{"line":177,"column":32},"end":{"line":177,"column":41}},"102":{"start":{"line":178,"column":12},"end":{"line":180,"column":67}},"103":{"start":{"line":179,"column":16},"end":{"line":179,"column":91}},"104":{"start":{"line":183,"column":8},"end":{"line":188,"column":10}},"105":{"start":{"line":184,"column":32},"end":{"line":184,"column":35}},"106":{"start":{"line":185,"column":12},"end":{"line":187,"column":67}},"107":{"start":{"line":186,"column":16},"end":{"line":186,"column":91}},"108":{"start":{"line":190,"column":8},"end":{"line":195,"column":10}},"109":{"start":{"line":191,"column":32},"end":{"line":191,"column":36}},"110":{"start":{"line":192,"column":12},"end":{"line":194,"column":67}},"111":{"start":{"line":193,"column":16},"end":{"line":193,"column":91}},"112":{"start":{"line":197,"column":8},"end":{"line":202,"column":10}},"113":{"start":{"line":198,"column":32},"end":{"line":198,"column":40}},"114":{"start":{"line":199,"column":12},"end":{"line":201,"column":67}},"115":{"start":{"line":200,"column":16},"end":{"line":200,"column":91}},"116":{"start":{"line":204,"column":8},"end":{"line":209,"column":10}},"117":{"start":{"line":205,"column":32},"end":{"line":205,"column":48}},"118":{"start":{"line":206,"column":12},"end":{"line":208,"column":67}},"119":{"start":{"line":207,"column":16},"end":{"line":207,"column":91}},"120":{"start":{"line":211,"column":8},"end":{"line":216,"column":10}},"121":{"start":{"line":212,"column":32},"end":{"line":212,"column":34}},"122":{"start":{"line":213,"column":12},"end":{"line":215,"column":59}},"123":{"start":{"line":214,"column":16},"end":{"line":214,"column":91}},"124":{"start":{"line":218,"column":8},"end":{"line":223,"column":10}},"125":{"start":{"line":219,"column":44},"end":{"line":219,"column":53}},"126":{"start":{"line":220,"column":12},"end":{"line":222,"column":79}},"127":{"start":{"line":221,"column":16},"end":{"line":221,"column":91}},"128":{"start":{"line":225,"column":8},"end":{"line":230,"column":10}},"129":{"start":{"line":226,"column":44},"end":{"line":226,"column":47}},"130":{"start":{"line":227,"column":12},"end":{"line":229,"column":79}},"131":{"start":{"line":228,"column":16},"end":{"line":228,"column":91}},"132":{"start":{"line":232,"column":8},"end":{"line":237,"column":10}},"133":{"start":{"line":233,"column":44},"end":{"line":233,"column":48}},"134":{"start":{"line":234,"column":12},"end":{"line":236,"column":79}},"135":{"start":{"line":235,"column":16},"end":{"line":235,"column":91}},"136":{"start":{"line":239,"column":8},"end":{"line":244,"column":10}},"137":{"start":{"line":240,"column":44},"end":{"line":240,"column":52}},"138":{"start":{"line":241,"column":12},"end":{"line":243,"column":79}},"139":{"start":{"line":242,"column":16},"end":{"line":242,"column":91}},"140":{"start":{"line":246,"column":8},"end":{"line":251,"column":10}},"141":{"start":{"line":247,"column":44},"end":{"line":247,"column":60}},"142":{"start":{"line":248,"column":12},"end":{"line":250,"column":79}},"143":{"start":{"line":249,"column":16},"end":{"line":249,"column":91}},"144":{"start":{"line":253,"column":8},"end":{"line":258,"column":10}},"145":{"start":{"line":254,"column":44},"end":{"line":254,"column":46}},"146":{"start":{"line":255,"column":12},"end":{"line":257,"column":66}},"147":{"start":{"line":256,"column":16},"end":{"line":256,"column":91}},"148":{"start":{"line":260,"column":8},"end":{"line":265,"column":10}},"149":{"start":{"line":261,"column":44},"end":{"line":261,"column":49}},"150":{"start":{"line":262,"column":12},"end":{"line":264,"column":55}},"151":{"start":{"line":263,"column":16},"end":{"line":263,"column":91}},"152":{"start":{"line":269,"column":4},"end":{"line":394,"column":6}},"153":{"start":{"line":270,"column":21},"end":{"line":270,"column":27}},"154":{"start":{"line":271,"column":24},"end":{"line":271,"column":32}},"155":{"start":{"line":272,"column":22},"end":{"line":272,"column":53}},"156":{"start":{"line":273,"column":25},"end":{"line":273,"column":51}},"157":{"start":{"line":275,"column":8},"end":{"line":278,"column":9}},"158":{"start":{"line":276,"column":12},"end":{"line":277,"column":84}},"159":{"start":{"line":277,"column":30},"end":{"line":277,"column":83}},"160":{"start":{"line":280,"column":8},"end":{"line":287,"column":9}},"161":{"start":{"line":281,"column":12},"end":{"line":286,"column":18}},"162":{"start":{"line":283,"column":20},"end":{"line":283,"column":45}},"163":{"start":{"line":284,"column":20},"end":{"line":284,"column":53}},"164":{"start":{"line":285,"column":20},"end":{"line":285,"column":48}},"165":{"start":{"line":289,"column":8},"end":{"line":298,"column":10}},"166":{"start":{"line":290,"column":29},"end":{"line":290,"column":53}},"167":{"start":{"line":292,"column":12},"end":{"line":297,"column":18}},"168":{"start":{"line":293,"column":29},"end":{"line":293,"column":54}},"169":{"start":{"line":295,"column":20},"end":{"line":295,"column":45}},"170":{"start":{"line":296,"column":20},"end":{"line":296,"column":93}},"171":{"start":{"line":300,"column":8},"end":{"line":309,"column":10}},"172":{"start":{"line":301,"column":32},"end":{"line":301,"column":43}},"173":{"start":{"line":303,"column":12},"end":{"line":308,"column":18}},"174":{"start":{"line":304,"column":29},"end":{"line":304,"column":54}},"175":{"start":{"line":306,"column":20},"end":{"line":306,"column":45}},"176":{"start":{"line":307,"column":20},"end":{"line":307,"column":65}},"177":{"start":{"line":311,"column":8},"end":{"line":316,"column":10}},"178":{"start":{"line":312,"column":29},"end":{"line":312,"column":38}},"179":{"start":{"line":313,"column":12},"end":{"line":315,"column":64}},"180":{"start":{"line":314,"column":16},"end":{"line":314,"column":69}},"181":{"start":{"line":318,"column":8},"end":{"line":323,"column":10}},"182":{"start":{"line":319,"column":29},"end":{"line":319,"column":32}},"183":{"start":{"line":320,"column":12},"end":{"line":322,"column":64}},"184":{"start":{"line":321,"column":16},"end":{"line":321,"column":69}},"185":{"start":{"line":325,"column":8},"end":{"line":330,"column":10}},"186":{"start":{"line":326,"column":29},"end":{"line":326,"column":33}},"187":{"start":{"line":327,"column":12},"end":{"line":329,"column":64}},"188":{"start":{"line":328,"column":16},"end":{"line":328,"column":69}},"189":{"start":{"line":332,"column":8},"end":{"line":337,"column":10}},"190":{"start":{"line":333,"column":29},"end":{"line":333,"column":37}},"191":{"start":{"line":334,"column":12},"end":{"line":336,"column":64}},"192":{"start":{"line":335,"column":16},"end":{"line":335,"column":69}},"193":{"start":{"line":339,"column":8},"end":{"line":344,"column":10}},"194":{"start":{"line":340,"column":29},"end":{"line":340,"column":45}},"195":{"start":{"line":341,"column":12},"end":{"line":343,"column":64}},"196":{"start":{"line":342,"column":16},"end":{"line":342,"column":69}},"197":{"start":{"line":346,"column":8},"end":{"line":351,"column":10}},"198":{"start":{"line":347,"column":29},"end":{"line":347,"column":31}},"199":{"start":{"line":348,"column":12},"end":{"line":350,"column":56}},"200":{"start":{"line":349,"column":16},"end":{"line":349,"column":69}},"201":{"start":{"line":353,"column":8},"end":{"line":358,"column":10}},"202":{"start":{"line":354,"column":32},"end":{"line":354,"column":41}},"203":{"start":{"line":355,"column":12},"end":{"line":357,"column":67}},"204":{"start":{"line":356,"column":16},"end":{"line":356,"column":69}},"205":{"start":{"line":360,"column":8},"end":{"line":365,"column":10}},"206":{"start":{"line":361,"column":32},"end":{"line":361,"column":35}},"207":{"start":{"line":362,"column":12},"end":{"line":364,"column":67}},"208":{"start":{"line":363,"column":16},"end":{"line":363,"column":69}},"209":{"start":{"line":367,"column":8},"end":{"line":372,"column":10}},"210":{"start":{"line":368,"column":32},"end":{"line":368,"column":36}},"211":{"start":{"line":369,"column":12},"end":{"line":371,"column":67}},"212":{"start":{"line":370,"column":16},"end":{"line":370,"column":69}},"213":{"start":{"line":374,"column":8},"end":{"line":379,"column":10}},"214":{"start":{"line":375,"column":32},"end":{"line":375,"column":40}},"215":{"start":{"line":376,"column":12},"end":{"line":378,"column":67}},"216":{"start":{"line":377,"column":16},"end":{"line":377,"column":69}},"217":{"start":{"line":381,"column":8},"end":{"line":386,"column":10}},"218":{"start":{"line":382,"column":32},"end":{"line":382,"column":48}},"219":{"start":{"line":383,"column":12},"end":{"line":385,"column":67}},"220":{"start":{"line":384,"column":16},"end":{"line":384,"column":69}},"221":{"start":{"line":388,"column":8},"end":{"line":393,"column":10}},"222":{"start":{"line":389,"column":32},"end":{"line":389,"column":34}},"223":{"start":{"line":390,"column":12},"end":{"line":392,"column":59}},"224":{"start":{"line":391,"column":16},"end":{"line":391,"column":69}},"225":{"start":{"line":396,"column":4},"end":{"line":471,"column":6}},"226":{"start":{"line":397,"column":21},"end":{"line":397,"column":27}},"227":{"start":{"line":398,"column":24},"end":{"line":398,"column":32}},"228":{"start":{"line":399,"column":22},"end":{"line":399,"column":53}},"229":{"start":{"line":400,"column":25},"end":{"line":400,"column":51}},"230":{"start":{"line":403,"column":8},"end":{"line":407,"column":9}},"231":{"start":{"line":404,"column":12},"end":{"line":406,"column":46}},"232":{"start":{"line":405,"column":30},"end":{"line":405,"column":83}},"233":{"start":{"line":406,"column":34},"end":{"line":406,"column":45}},"234":{"start":{"line":410,"column":8},"end":{"line":418,"column":9}},"235":{"start":{"line":411,"column":12},"end":{"line":417,"column":18}},"236":{"start":{"line":413,"column":20},"end":{"line":413,"column":46}},"237":{"start":{"line":414,"column":20},"end":{"line":414,"column":48}},"238":{"start":{"line":415,"column":20},"end":{"line":415,"column":54}},"239":{"start":{"line":416,"column":20},"end":{"line":416,"column":50}},"240":{"start":{"line":420,"column":8},"end":{"line":427,"column":9}},"241":{"start":{"line":421,"column":12},"end":{"line":426,"column":18}},"242":{"start":{"line":422,"column":29},"end":{"line":422,"column":56}},"243":{"start":{"line":424,"column":20},"end":{"line":424,"column":45}},"244":{"start":{"line":425,"column":20},"end":{"line":425,"column":100}},"245":{"start":{"line":429,"column":8},"end":{"line":434,"column":10}},"246":{"start":{"line":430,"column":30},"end":{"line":430,"column":39}},"247":{"start":{"line":431,"column":12},"end":{"line":433,"column":65}},"248":{"start":{"line":432,"column":16},"end":{"line":432,"column":45}},"249":{"start":{"line":436,"column":8},"end":{"line":441,"column":10}},"250":{"start":{"line":437,"column":30},"end":{"line":437,"column":33}},"251":{"start":{"line":438,"column":12},"end":{"line":440,"column":65}},"252":{"start":{"line":439,"column":16},"end":{"line":439,"column":45}},"253":{"start":{"line":443,"column":8},"end":{"line":448,"column":10}},"254":{"start":{"line":444,"column":30},"end":{"line":444,"column":34}},"255":{"start":{"line":445,"column":12},"end":{"line":447,"column":65}},"256":{"start":{"line":446,"column":16},"end":{"line":446,"column":45}},"257":{"start":{"line":450,"column":8},"end":{"line":455,"column":10}},"258":{"start":{"line":451,"column":30},"end":{"line":451,"column":38}},"259":{"start":{"line":452,"column":12},"end":{"line":454,"column":65}},"260":{"start":{"line":453,"column":16},"end":{"line":453,"column":45}},"261":{"start":{"line":457,"column":8},"end":{"line":462,"column":10}},"262":{"start":{"line":458,"column":30},"end":{"line":458,"column":46}},"263":{"start":{"line":459,"column":12},"end":{"line":461,"column":65}},"264":{"start":{"line":460,"column":16},"end":{"line":460,"column":45}},"265":{"start":{"line":464,"column":8},"end":{"line":469,"column":10}},"266":{"start":{"line":465,"column":30},"end":{"line":465,"column":32}},"267":{"start":{"line":466,"column":12},"end":{"line":468,"column":57}},"268":{"start":{"line":467,"column":16},"end":{"line":467,"column":45}},"269":{"start":{"line":473,"column":4},"end":{"line":579,"column":6}},"270":{"start":{"line":474,"column":21},"end":{"line":474,"column":27}},"271":{"start":{"line":475,"column":24},"end":{"line":475,"column":32}},"272":{"start":{"line":476,"column":22},"end":{"line":476,"column":53}},"273":{"start":{"line":477,"column":25},"end":{"line":477,"column":51}},"274":{"start":{"line":478,"column":24},"end":{"line":478,"column":34}},"275":{"start":{"line":479,"column":27},"end":{"line":479,"column":33}},"276":{"start":{"line":483,"column":8},"end":{"line":487,"column":9}},"277":{"start":{"line":484,"column":12},"end":{"line":486,"column":46}},"278":{"start":{"line":485,"column":30},"end":{"line":485,"column":83}},"279":{"start":{"line":486,"column":34},"end":{"line":486,"column":45}},"280":{"start":{"line":489,"column":8},"end":{"line":498,"column":9}},"281":{"start":{"line":490,"column":12},"end":{"line":497,"column":18}},"282":{"start":{"line":492,"column":20},"end":{"line":492,"column":45}},"283":{"start":{"line":493,"column":20},"end":{"line":493,"column":53}},"284":{"start":{"line":494,"column":20},"end":{"line":494,"column":49}},"285":{"start":{"line":495,"column":20},"end":{"line":495,"column":48}},"286":{"start":{"line":496,"column":20},"end":{"line":496,"column":56}},"287":{"start":{"line":500,"column":8},"end":{"line":507,"column":9}},"288":{"start":{"line":501,"column":12},"end":{"line":506,"column":18}},"289":{"start":{"line":502,"column":29},"end":{"line":502,"column":56}},"290":{"start":{"line":504,"column":20},"end":{"line":504,"column":45}},"291":{"start":{"line":505,"column":20},"end":{"line":505,"column":100}},"292":{"start":{"line":509,"column":8},"end":{"line":514,"column":10}},"293":{"start":{"line":510,"column":30},"end":{"line":510,"column":39}},"294":{"start":{"line":511,"column":12},"end":{"line":513,"column":65}},"295":{"start":{"line":512,"column":16},"end":{"line":512,"column":43}},"296":{"start":{"line":516,"column":8},"end":{"line":521,"column":10}},"297":{"start":{"line":517,"column":30},"end":{"line":517,"column":33}},"298":{"start":{"line":518,"column":12},"end":{"line":520,"column":65}},"299":{"start":{"line":519,"column":16},"end":{"line":519,"column":43}},"300":{"start":{"line":523,"column":8},"end":{"line":528,"column":10}},"301":{"start":{"line":524,"column":30},"end":{"line":524,"column":34}},"302":{"start":{"line":525,"column":12},"end":{"line":527,"column":65}},"303":{"start":{"line":526,"column":16},"end":{"line":526,"column":43}},"304":{"start":{"line":530,"column":8},"end":{"line":535,"column":10}},"305":{"start":{"line":531,"column":30},"end":{"line":531,"column":38}},"306":{"start":{"line":532,"column":12},"end":{"line":534,"column":65}},"307":{"start":{"line":533,"column":16},"end":{"line":533,"column":43}},"308":{"start":{"line":537,"column":8},"end":{"line":542,"column":10}},"309":{"start":{"line":538,"column":30},"end":{"line":538,"column":46}},"310":{"start":{"line":539,"column":12},"end":{"line":541,"column":65}},"311":{"start":{"line":540,"column":16},"end":{"line":540,"column":43}},"312":{"start":{"line":544,"column":8},"end":{"line":549,"column":10}},"313":{"start":{"line":545,"column":30},"end":{"line":545,"column":39}},"314":{"start":{"line":546,"column":12},"end":{"line":548,"column":66}},"315":{"start":{"line":547,"column":16},"end":{"line":547,"column":51}},"316":{"start":{"line":551,"column":8},"end":{"line":556,"column":10}},"317":{"start":{"line":552,"column":30},"end":{"line":552,"column":33}},"318":{"start":{"line":553,"column":12},"end":{"line":555,"column":66}},"319":{"start":{"line":554,"column":16},"end":{"line":554,"column":51}},"320":{"start":{"line":558,"column":8},"end":{"line":563,"column":10}},"321":{"start":{"line":559,"column":30},"end":{"line":559,"column":34}},"322":{"start":{"line":560,"column":12},"end":{"line":562,"column":66}},"323":{"start":{"line":561,"column":16},"end":{"line":561,"column":51}},"324":{"start":{"line":565,"column":8},"end":{"line":570,"column":10}},"325":{"start":{"line":566,"column":30},"end":{"line":566,"column":38}},"326":{"start":{"line":567,"column":12},"end":{"line":569,"column":61}},"327":{"start":{"line":568,"column":16},"end":{"line":568,"column":51}},"328":{"start":{"line":572,"column":8},"end":{"line":576,"column":10}},"329":{"start":{"line":573,"column":12},"end":{"line":575,"column":55}},"330":{"start":{"line":574,"column":16},"end":{"line":574,"column":44}},"331":{"start":{"line":581,"column":4},"end":{"line":616,"column":6}},"332":{"start":{"line":582,"column":21},"end":{"line":582,"column":27}},"333":{"start":{"line":583,"column":24},"end":{"line":583,"column":32}},"334":{"start":{"line":584,"column":22},"end":{"line":584,"column":53}},"335":{"start":{"line":585,"column":25},"end":{"line":585,"column":51}},"336":{"start":{"line":589,"column":8},"end":{"line":593,"column":9}},"337":{"start":{"line":590,"column":12},"end":{"line":592,"column":46}},"338":{"start":{"line":591,"column":30},"end":{"line":591,"column":83}},"339":{"start":{"line":592,"column":34},"end":{"line":592,"column":45}},"340":{"start":{"line":595,"column":8},"end":{"line":606,"column":9}},"341":{"start":{"line":596,"column":12},"end":{"line":605,"column":18}},"342":{"start":{"line":598,"column":20},"end":{"line":598,"column":49}},"343":{"start":{"line":599,"column":20},"end":{"line":599,"column":50}},"344":{"start":{"line":600,"column":20},"end":{"line":600,"column":56}},"345":{"start":{"line":601,"column":20},"end":{"line":601,"column":63}},"346":{"start":{"line":602,"column":20},"end":{"line":602,"column":52}},"347":{"start":{"line":603,"column":20},"end":{"line":603,"column":58}},"348":{"start":{"line":604,"column":20},"end":{"line":604,"column":54}},"349":{"start":{"line":608,"column":8},"end":{"line":615,"column":9}},"350":{"start":{"line":609,"column":12},"end":{"line":614,"column":18}},"351":{"start":{"line":610,"column":29},"end":{"line":610,"column":56}},"352":{"start":{"line":612,"column":20},"end":{"line":612,"column":45}},"353":{"start":{"line":613,"column":20},"end":{"line":613,"column":95}},"354":{"start":{"line":618,"column":4},"end":{"line":680,"column":6}},"355":{"start":{"line":619,"column":21},"end":{"line":619,"column":27}},"356":{"start":{"line":620,"column":24},"end":{"line":620,"column":32}},"357":{"start":{"line":621,"column":22},"end":{"line":621,"column":53}},"358":{"start":{"line":622,"column":25},"end":{"line":622,"column":51}},"359":{"start":{"line":626,"column":8},"end":{"line":630,"column":9}},"360":{"start":{"line":627,"column":12},"end":{"line":629,"column":46}},"361":{"start":{"line":628,"column":30},"end":{"line":628,"column":83}},"362":{"start":{"line":629,"column":34},"end":{"line":629,"column":45}},"363":{"start":{"line":632,"column":8},"end":{"line":644,"column":9}},"364":{"start":{"line":633,"column":12},"end":{"line":643,"column":18}},"365":{"start":{"line":635,"column":20},"end":{"line":635,"column":45}},"366":{"start":{"line":636,"column":20},"end":{"line":636,"column":49}},"367":{"start":{"line":638,"column":20},"end":{"line":638,"column":50}},"368":{"start":{"line":640,"column":29},"end":{"line":640,"column":51}},"369":{"start":{"line":642,"column":20},"end":{"line":642,"column":45}},"370":{"start":{"line":646,"column":8},"end":{"line":651,"column":10}},"371":{"start":{"line":647,"column":30},"end":{"line":647,"column":39}},"372":{"start":{"line":648,"column":12},"end":{"line":650,"column":65}},"373":{"start":{"line":649,"column":16},"end":{"line":649,"column":43}},"374":{"start":{"line":653,"column":8},"end":{"line":658,"column":10}},"375":{"start":{"line":654,"column":30},"end":{"line":654,"column":33}},"376":{"start":{"line":655,"column":12},"end":{"line":657,"column":65}},"377":{"start":{"line":656,"column":16},"end":{"line":656,"column":43}},"378":{"start":{"line":660,"column":8},"end":{"line":665,"column":10}},"379":{"start":{"line":661,"column":30},"end":{"line":661,"column":34}},"380":{"start":{"line":662,"column":12},"end":{"line":664,"column":65}},"381":{"start":{"line":663,"column":16},"end":{"line":663,"column":43}},"382":{"start":{"line":667,"column":8},"end":{"line":672,"column":10}},"383":{"start":{"line":668,"column":30},"end":{"line":668,"column":38}},"384":{"start":{"line":669,"column":12},"end":{"line":671,"column":65}},"385":{"start":{"line":670,"column":16},"end":{"line":670,"column":43}},"386":{"start":{"line":674,"column":8},"end":{"line":679,"column":10}},"387":{"start":{"line":675,"column":30},"end":{"line":675,"column":46}},"388":{"start":{"line":676,"column":12},"end":{"line":678,"column":65}},"389":{"start":{"line":677,"column":16},"end":{"line":677,"column":43}},"390":{"start":{"line":682,"column":4},"end":{"line":738,"column":6}},"391":{"start":{"line":683,"column":23},"end":{"line":683,"column":49}},"392":{"start":{"line":684,"column":22},"end":{"line":684,"column":29}},"393":{"start":{"line":685,"column":22},"end":{"line":685,"column":27}},"394":{"start":{"line":686,"column":21},"end":{"line":686,"column":35}},"395":{"start":{"line":687,"column":21},"end":{"line":687,"column":25}},"396":{"start":{"line":689,"column":8},"end":{"line":695,"column":10}},"397":{"start":{"line":690,"column":12},"end":{"line":694,"column":18}},"398":{"start":{"line":692,"column":20},"end":{"line":692,"column":44}},"399":{"start":{"line":693,"column":20},"end":{"line":693,"column":52}},"400":{"start":{"line":697,"column":8},"end":{"line":702,"column":10}},"401":{"start":{"line":698,"column":30},"end":{"line":698,"column":39}},"402":{"start":{"line":699,"column":12},"end":{"line":701,"column":65}},"403":{"start":{"line":700,"column":16},"end":{"line":700,"column":67}},"404":{"start":{"line":704,"column":8},"end":{"line":709,"column":10}},"405":{"start":{"line":705,"column":30},"end":{"line":705,"column":33}},"406":{"start":{"line":706,"column":12},"end":{"line":708,"column":65}},"407":{"start":{"line":707,"column":16},"end":{"line":707,"column":67}},"408":{"start":{"line":711,"column":8},"end":{"line":716,"column":10}},"409":{"start":{"line":712,"column":30},"end":{"line":712,"column":34}},"410":{"start":{"line":713,"column":12},"end":{"line":715,"column":65}},"411":{"start":{"line":714,"column":16},"end":{"line":714,"column":67}},"412":{"start":{"line":718,"column":8},"end":{"line":723,"column":10}},"413":{"start":{"line":719,"column":30},"end":{"line":719,"column":38}},"414":{"start":{"line":720,"column":12},"end":{"line":722,"column":65}},"415":{"start":{"line":721,"column":16},"end":{"line":721,"column":67}},"416":{"start":{"line":725,"column":8},"end":{"line":730,"column":10}},"417":{"start":{"line":726,"column":30},"end":{"line":726,"column":46}},"418":{"start":{"line":727,"column":12},"end":{"line":729,"column":65}},"419":{"start":{"line":728,"column":16},"end":{"line":728,"column":67}},"420":{"start":{"line":732,"column":8},"end":{"line":737,"column":10}},"421":{"start":{"line":733,"column":30},"end":{"line":733,"column":32}},"422":{"start":{"line":734,"column":12},"end":{"line":736,"column":57}},"423":{"start":{"line":735,"column":16},"end":{"line":735,"column":67}},"424":{"start":{"line":740,"column":4},"end":{"line":748,"column":6}},"425":{"start":{"line":741,"column":8},"end":{"line":747,"column":10}},"426":{"start":{"line":742,"column":12},"end":{"line":746,"column":18}},"427":{"start":{"line":744,"column":20},"end":{"line":744,"column":45}},"428":{"start":{"line":745,"column":20},"end":{"line":745,"column":59}},"429":{"start":{"line":750,"column":4},"end":{"line":802,"column":6}},"430":{"start":{"line":751,"column":21},"end":{"line":751,"column":27}},"431":{"start":{"line":752,"column":24},"end":{"line":752,"column":35}},"432":{"start":{"line":753,"column":22},"end":{"line":753,"column":53}},"433":{"start":{"line":754,"column":25},"end":{"line":754,"column":30}},"434":{"start":{"line":755,"column":22},"end":{"line":755,"column":29}},"435":{"start":{"line":756,"column":22},"end":{"line":756,"column":27}},"436":{"start":{"line":757,"column":21},"end":{"line":757,"column":35}},"437":{"start":{"line":758,"column":21},"end":{"line":758,"column":25}},"438":{"start":{"line":761,"column":8},"end":{"line":772,"column":9}},"439":{"start":{"line":762,"column":12},"end":{"line":771,"column":18}},"440":{"start":{"line":763,"column":30},"end":{"line":763,"column":83}},"441":{"start":{"line":765,"column":20},"end":{"line":765,"column":36}},"442":{"start":{"line":767,"column":20},"end":{"line":767,"column":84}},"443":{"start":{"line":770,"column":20},"end":{"line":770,"column":50}},"444":{"start":{"line":774,"column":8},"end":{"line":791,"column":14}},"445":{"start":{"line":775,"column":12},"end":{"line":780,"column":18}},"446":{"start":{"line":777,"column":20},"end":{"line":777,"column":47}},"447":{"start":{"line":778,"column":20},"end":{"line":778,"column":53}},"448":{"start":{"line":779,"column":20},"end":{"line":779,"column":50}},"449":{"start":{"line":784,"column":35},"end":{"line":784,"column":61}},"450":{"start":{"line":785,"column":16},"end":{"line":790,"column":22}},"451":{"start":{"line":786,"column":33},"end":{"line":786,"column":60}},"452":{"start":{"line":788,"column":24},"end":{"line":788,"column":49}},"453":{"start":{"line":789,"column":24},"end":{"line":789,"column":67}},"454":{"start":{"line":793,"column":8},"end":{"line":801,"column":10}},"455":{"start":{"line":794,"column":30},"end":{"line":794,"column":56}},"456":{"start":{"line":795,"column":12},"end":{"line":800,"column":18}},"457":{"start":{"line":796,"column":29},"end":{"line":796,"column":56}},"458":{"start":{"line":798,"column":20},"end":{"line":798,"column":45}},"459":{"start":{"line":799,"column":20},"end":{"line":799,"column":62}},"460":{"start":{"line":804,"column":4},"end":{"line":881,"column":6}},"461":{"start":{"line":805,"column":21},"end":{"line":805,"column":27}},"462":{"start":{"line":806,"column":24},"end":{"line":806,"column":35}},"463":{"start":{"line":807,"column":22},"end":{"line":807,"column":53}},"464":{"start":{"line":808,"column":25},"end":{"line":808,"column":30}},"465":{"start":{"line":809,"column":22},"end":{"line":809,"column":29}},"466":{"start":{"line":810,"column":22},"end":{"line":810,"column":27}},"467":{"start":{"line":811,"column":21},"end":{"line":811,"column":35}},"468":{"start":{"line":812,"column":21},"end":{"line":812,"column":25}},"469":{"start":{"line":815,"column":8},"end":{"line":823,"column":9}},"470":{"start":{"line":816,"column":12},"end":{"line":822,"column":18}},"471":{"start":{"line":817,"column":30},"end":{"line":817,"column":83}},"472":{"start":{"line":819,"column":20},"end":{"line":819,"column":36}},"473":{"start":{"line":821,"column":20},"end":{"line":821,"column":84}},"474":{"start":{"line":825,"column":8},"end":{"line":838,"column":10}},"475":{"start":{"line":826,"column":12},"end":{"line":837,"column":18}},"476":{"start":{"line":829,"column":20},"end":{"line":829,"column":48}},"477":{"start":{"line":830,"column":20},"end":{"line":830,"column":62}},"478":{"start":{"line":831,"column":20},"end":{"line":831,"column":49}},"479":{"start":{"line":832,"column":20},"end":{"line":832,"column":67}},"480":{"start":{"line":833,"column":20},"end":{"line":833,"column":55}},"481":{"start":{"line":834,"column":20},"end":{"line":834,"column":55}},"482":{"start":{"line":835,"column":20},"end":{"line":835,"column":53}},"483":{"start":{"line":836,"column":20},"end":{"line":836,"column":53}},"484":{"start":{"line":840,"column":8},"end":{"line":845,"column":10}},"485":{"start":{"line":841,"column":30},"end":{"line":841,"column":39}},"486":{"start":{"line":842,"column":12},"end":{"line":844,"column":65}},"487":{"start":{"line":843,"column":16},"end":{"line":843,"column":55}},"488":{"start":{"line":847,"column":8},"end":{"line":852,"column":10}},"489":{"start":{"line":848,"column":30},"end":{"line":848,"column":33}},"490":{"start":{"line":849,"column":12},"end":{"line":851,"column":65}},"491":{"start":{"line":850,"column":16},"end":{"line":850,"column":55}},"492":{"start":{"line":854,"column":8},"end":{"line":859,"column":10}},"493":{"start":{"line":855,"column":30},"end":{"line":855,"column":34}},"494":{"start":{"line":856,"column":12},"end":{"line":858,"column":65}},"495":{"start":{"line":857,"column":16},"end":{"line":857,"column":55}},"496":{"start":{"line":861,"column":8},"end":{"line":866,"column":10}},"497":{"start":{"line":862,"column":30},"end":{"line":862,"column":38}},"498":{"start":{"line":863,"column":12},"end":{"line":865,"column":65}},"499":{"start":{"line":864,"column":16},"end":{"line":864,"column":55}},"500":{"start":{"line":868,"column":8},"end":{"line":873,"column":10}},"501":{"start":{"line":869,"column":30},"end":{"line":869,"column":46}},"502":{"start":{"line":870,"column":12},"end":{"line":872,"column":65}},"503":{"start":{"line":871,"column":16},"end":{"line":871,"column":55}},"504":{"start":{"line":875,"column":8},"end":{"line":880,"column":10}},"505":{"start":{"line":876,"column":30},"end":{"line":876,"column":32}},"506":{"start":{"line":877,"column":12},"end":{"line":879,"column":57}},"507":{"start":{"line":878,"column":16},"end":{"line":878,"column":55}},"508":{"start":{"line":883,"column":4},"end":{"line":1023,"column":6}},"509":{"start":{"line":884,"column":21},"end":{"line":884,"column":27}},"510":{"start":{"line":885,"column":24},"end":{"line":885,"column":35}},"511":{"start":{"line":886,"column":22},"end":{"line":886,"column":53}},"512":{"start":{"line":887,"column":25},"end":{"line":887,"column":30}},"513":{"start":{"line":888,"column":22},"end":{"line":888,"column":29}},"514":{"start":{"line":889,"column":22},"end":{"line":889,"column":27}},"515":{"start":{"line":890,"column":21},"end":{"line":890,"column":35}},"516":{"start":{"line":891,"column":21},"end":{"line":891,"column":25}},"517":{"start":{"line":894,"column":8},"end":{"line":905,"column":9}},"518":{"start":{"line":895,"column":12},"end":{"line":904,"column":18}},"519":{"start":{"line":896,"column":30},"end":{"line":896,"column":83}},"520":{"start":{"line":898,"column":20},"end":{"line":898,"column":36}},"521":{"start":{"line":900,"column":20},"end":{"line":900,"column":84}},"522":{"start":{"line":903,"column":20},"end":{"line":903,"column":38}},"523":{"start":{"line":907,"column":8},"end":{"line":919,"column":10}},"524":{"start":{"line":908,"column":12},"end":{"line":918,"column":18}},"525":{"start":{"line":910,"column":20},"end":{"line":910,"column":53}},"526":{"start":{"line":911,"column":20},"end":{"line":911,"column":49}},"527":{"start":{"line":913,"column":20},"end":{"line":913,"column":50}},"528":{"start":{"line":916,"column":20},"end":{"line":916,"column":55}},"529":{"start":{"line":917,"column":20},"end":{"line":917,"column":54}},"530":{"start":{"line":921,"column":8},"end":{"line":930,"column":10}},"531":{"start":{"line":922,"column":30},"end":{"line":922,"column":56}},"532":{"start":{"line":924,"column":12},"end":{"line":929,"column":18}},"533":{"start":{"line":925,"column":29},"end":{"line":925,"column":56}},"534":{"start":{"line":927,"column":20},"end":{"line":927,"column":45}},"535":{"start":{"line":928,"column":20},"end":{"line":928,"column":94}},"536":{"start":{"line":932,"column":8},"end":{"line":937,"column":10}},"537":{"start":{"line":933,"column":30},"end":{"line":933,"column":39}},"538":{"start":{"line":934,"column":12},"end":{"line":936,"column":65}},"539":{"start":{"line":935,"column":16},"end":{"line":935,"column":44}},"540":{"start":{"line":939,"column":8},"end":{"line":944,"column":10}},"541":{"start":{"line":940,"column":30},"end":{"line":940,"column":33}},"542":{"start":{"line":941,"column":12},"end":{"line":943,"column":65}},"543":{"start":{"line":942,"column":16},"end":{"line":942,"column":44}},"544":{"start":{"line":946,"column":8},"end":{"line":951,"column":10}},"545":{"start":{"line":947,"column":30},"end":{"line":947,"column":34}},"546":{"start":{"line":948,"column":12},"end":{"line":950,"column":65}},"547":{"start":{"line":949,"column":16},"end":{"line":949,"column":44}},"548":{"start":{"line":953,"column":8},"end":{"line":958,"column":10}},"549":{"start":{"line":954,"column":30},"end":{"line":954,"column":38}},"550":{"start":{"line":955,"column":12},"end":{"line":957,"column":65}},"551":{"start":{"line":956,"column":16},"end":{"line":956,"column":44}},"552":{"start":{"line":960,"column":8},"end":{"line":965,"column":10}},"553":{"start":{"line":961,"column":30},"end":{"line":961,"column":46}},"554":{"start":{"line":962,"column":12},"end":{"line":964,"column":65}},"555":{"start":{"line":963,"column":16},"end":{"line":963,"column":44}},"556":{"start":{"line":967,"column":8},"end":{"line":972,"column":10}},"557":{"start":{"line":968,"column":30},"end":{"line":968,"column":32}},"558":{"start":{"line":969,"column":12},"end":{"line":971,"column":57}},"559":{"start":{"line":970,"column":16},"end":{"line":970,"column":44}},"560":{"start":{"line":974,"column":8},"end":{"line":979,"column":10}},"561":{"start":{"line":975,"column":31},"end":{"line":975,"column":40}},"562":{"start":{"line":976,"column":12},"end":{"line":978,"column":66}},"563":{"start":{"line":977,"column":16},"end":{"line":977,"column":53}},"564":{"start":{"line":981,"column":8},"end":{"line":986,"column":10}},"565":{"start":{"line":982,"column":31},"end":{"line":982,"column":34}},"566":{"start":{"line":983,"column":12},"end":{"line":985,"column":66}},"567":{"start":{"line":984,"column":16},"end":{"line":984,"column":53}},"568":{"start":{"line":988,"column":8},"end":{"line":993,"column":10}},"569":{"start":{"line":989,"column":31},"end":{"line":989,"column":35}},"570":{"start":{"line":990,"column":12},"end":{"line":992,"column":66}},"571":{"start":{"line":991,"column":16},"end":{"line":991,"column":53}},"572":{"start":{"line":995,"column":8},"end":{"line":1000,"column":10}},"573":{"start":{"line":996,"column":31},"end":{"line":996,"column":39}},"574":{"start":{"line":997,"column":12},"end":{"line":999,"column":66}},"575":{"start":{"line":998,"column":16},"end":{"line":998,"column":53}},"576":{"start":{"line":1002,"column":8},"end":{"line":1007,"column":10}},"577":{"start":{"line":1003,"column":31},"end":{"line":1003,"column":47}},"578":{"start":{"line":1004,"column":12},"end":{"line":1006,"column":66}},"579":{"start":{"line":1005,"column":16},"end":{"line":1005,"column":53}},"580":{"start":{"line":1009,"column":8},"end":{"line":1014,"column":10}},"581":{"start":{"line":1010,"column":31},"end":{"line":1010,"column":33}},"582":{"start":{"line":1011,"column":12},"end":{"line":1013,"column":58}},"583":{"start":{"line":1012,"column":16},"end":{"line":1012,"column":53}},"584":{"start":{"line":1017,"column":8},"end":{"line":1021,"column":10}},"585":{"start":{"line":1018,"column":12},"end":{"line":1020,"column":55}},"586":{"start":{"line":1019,"column":16},"end":{"line":1019,"column":54}},"587":{"start":{"line":1025,"column":4},"end":{"line":1155,"column":6}},"588":{"start":{"line":1026,"column":21},"end":{"line":1026,"column":27}},"589":{"start":{"line":1027,"column":24},"end":{"line":1027,"column":35}},"590":{"start":{"line":1028,"column":22},"end":{"line":1028,"column":53}},"591":{"start":{"line":1029,"column":25},"end":{"line":1029,"column":30}},"592":{"start":{"line":1030,"column":22},"end":{"line":1030,"column":29}},"593":{"start":{"line":1031,"column":22},"end":{"line":1031,"column":27}},"594":{"start":{"line":1032,"column":21},"end":{"line":1032,"column":35}},"595":{"start":{"line":1033,"column":21},"end":{"line":1033,"column":25}},"596":{"start":{"line":1036,"column":8},"end":{"line":1047,"column":9}},"597":{"start":{"line":1037,"column":12},"end":{"line":1046,"column":18}},"598":{"start":{"line":1038,"column":30},"end":{"line":1038,"column":83}},"599":{"start":{"line":1040,"column":20},"end":{"line":1040,"column":36}},"600":{"start":{"line":1042,"column":20},"end":{"line":1042,"column":84}},"601":{"start":{"line":1045,"column":20},"end":{"line":1045,"column":38}},"602":{"start":{"line":1049,"column":8},"end":{"line":1059,"column":10}},"603":{"start":{"line":1050,"column":12},"end":{"line":1058,"column":18}},"604":{"start":{"line":1052,"column":20},"end":{"line":1052,"column":49}},"605":{"start":{"line":1054,"column":20},"end":{"line":1054,"column":50}},"606":{"start":{"line":1057,"column":20},"end":{"line":1057,"column":44}},"607":{"start":{"line":1061,"column":8},"end":{"line":1070,"column":10}},"608":{"start":{"line":1062,"column":30},"end":{"line":1062,"column":56}},"609":{"start":{"line":1064,"column":12},"end":{"line":1069,"column":18}},"610":{"start":{"line":1065,"column":29},"end":{"line":1065,"column":56}},"611":{"start":{"line":1067,"column":20},"end":{"line":1067,"column":45}},"612":{"start":{"line":1068,"column":20},"end":{"line":1068,"column":94}},"613":{"start":{"line":1072,"column":8},"end":{"line":1077,"column":10}},"614":{"start":{"line":1073,"column":30},"end":{"line":1073,"column":39}},"615":{"start":{"line":1074,"column":12},"end":{"line":1076,"column":65}},"616":{"start":{"line":1075,"column":16},"end":{"line":1075,"column":44}},"617":{"start":{"line":1079,"column":8},"end":{"line":1084,"column":10}},"618":{"start":{"line":1080,"column":30},"end":{"line":1080,"column":33}},"619":{"start":{"line":1081,"column":12},"end":{"line":1083,"column":65}},"620":{"start":{"line":1082,"column":16},"end":{"line":1082,"column":44}},"621":{"start":{"line":1086,"column":8},"end":{"line":1091,"column":10}},"622":{"start":{"line":1087,"column":30},"end":{"line":1087,"column":34}},"623":{"start":{"line":1088,"column":12},"end":{"line":1090,"column":65}},"624":{"start":{"line":1089,"column":16},"end":{"line":1089,"column":44}},"625":{"start":{"line":1093,"column":8},"end":{"line":1098,"column":10}},"626":{"start":{"line":1094,"column":30},"end":{"line":1094,"column":38}},"627":{"start":{"line":1095,"column":12},"end":{"line":1097,"column":65}},"628":{"start":{"line":1096,"column":16},"end":{"line":1096,"column":44}},"629":{"start":{"line":1100,"column":8},"end":{"line":1105,"column":10}},"630":{"start":{"line":1101,"column":30},"end":{"line":1101,"column":46}},"631":{"start":{"line":1102,"column":12},"end":{"line":1104,"column":65}},"632":{"start":{"line":1103,"column":16},"end":{"line":1103,"column":44}},"633":{"start":{"line":1107,"column":8},"end":{"line":1112,"column":10}},"634":{"start":{"line":1108,"column":30},"end":{"line":1108,"column":32}},"635":{"start":{"line":1109,"column":12},"end":{"line":1111,"column":57}},"636":{"start":{"line":1110,"column":16},"end":{"line":1110,"column":44}},"637":{"start":{"line":1114,"column":8},"end":{"line":1119,"column":10}},"638":{"start":{"line":1115,"column":31},"end":{"line":1115,"column":40}},"639":{"start":{"line":1116,"column":12},"end":{"line":1118,"column":66}},"640":{"start":{"line":1117,"column":16},"end":{"line":1117,"column":53}},"641":{"start":{"line":1121,"column":8},"end":{"line":1126,"column":10}},"642":{"start":{"line":1122,"column":31},"end":{"line":1122,"column":34}},"643":{"start":{"line":1123,"column":12},"end":{"line":1125,"column":66}},"644":{"start":{"line":1124,"column":16},"end":{"line":1124,"column":53}},"645":{"start":{"line":1128,"column":8},"end":{"line":1133,"column":10}},"646":{"start":{"line":1129,"column":31},"end":{"line":1129,"column":35}},"647":{"start":{"line":1130,"column":12},"end":{"line":1132,"column":66}},"648":{"start":{"line":1131,"column":16},"end":{"line":1131,"column":53}},"649":{"start":{"line":1135,"column":8},"end":{"line":1140,"column":10}},"650":{"start":{"line":1136,"column":31},"end":{"line":1136,"column":39}},"651":{"start":{"line":1137,"column":12},"end":{"line":1139,"column":66}},"652":{"start":{"line":1138,"column":16},"end":{"line":1138,"column":53}},"653":{"start":{"line":1142,"column":8},"end":{"line":1147,"column":10}},"654":{"start":{"line":1143,"column":31},"end":{"line":1143,"column":47}},"655":{"start":{"line":1144,"column":12},"end":{"line":1146,"column":66}},"656":{"start":{"line":1145,"column":16},"end":{"line":1145,"column":53}},"657":{"start":{"line":1149,"column":8},"end":{"line":1154,"column":10}},"658":{"start":{"line":1150,"column":31},"end":{"line":1150,"column":33}},"659":{"start":{"line":1151,"column":12},"end":{"line":1153,"column":58}},"660":{"start":{"line":1152,"column":16},"end":{"line":1152,"column":53}},"661":{"start":{"line":1157,"column":4},"end":{"line":1218,"column":6}},"662":{"start":{"line":1158,"column":21},"end":{"line":1158,"column":27}},"663":{"start":{"line":1159,"column":24},"end":{"line":1159,"column":35}},"664":{"start":{"line":1160,"column":22},"end":{"line":1160,"column":53}},"665":{"start":{"line":1161,"column":25},"end":{"line":1161,"column":30}},"666":{"start":{"line":1162,"column":22},"end":{"line":1162,"column":29}},"667":{"start":{"line":1163,"column":22},"end":{"line":1163,"column":27}},"668":{"start":{"line":1164,"column":21},"end":{"line":1164,"column":35}},"669":{"start":{"line":1165,"column":21},"end":{"line":1165,"column":25}},"670":{"start":{"line":1168,"column":8},"end":{"line":1179,"column":9}},"671":{"start":{"line":1169,"column":12},"end":{"line":1178,"column":18}},"672":{"start":{"line":1170,"column":30},"end":{"line":1170,"column":83}},"673":{"start":{"line":1172,"column":20},"end":{"line":1172,"column":36}},"674":{"start":{"line":1174,"column":20},"end":{"line":1174,"column":84}},"675":{"start":{"line":1177,"column":20},"end":{"line":1177,"column":38}},"676":{"start":{"line":1181,"column":8},"end":{"line":1190,"column":9}},"677":{"start":{"line":1182,"column":12},"end":{"line":1189,"column":18}},"678":{"start":{"line":1184,"column":20},"end":{"line":1184,"column":45}},"679":{"start":{"line":1185,"column":20},"end":{"line":1185,"column":48}},"680":{"start":{"line":1186,"column":20},"end":{"line":1186,"column":53}},"681":{"start":{"line":1188,"column":20},"end":{"line":1188,"column":59}},"682":{"start":{"line":1192,"column":8},"end":{"line":1206,"column":10}},"683":{"start":{"line":1193,"column":12},"end":{"line":1205,"column":18}},"684":{"start":{"line":1195,"column":20},"end":{"line":1195,"column":45}},"685":{"start":{"line":1197,"column":20},"end":{"line":1197,"column":60}},"686":{"start":{"line":1199,"column":29},"end":{"line":1199,"column":56}},"687":{"start":{"line":1201,"column":20},"end":{"line":1201,"column":45}},"688":{"start":{"line":1202,"column":20},"end":{"line":1202,"column":80}},"689":{"start":{"line":1204,"column":20},"end":{"line":1204,"column":59}},"690":{"start":{"line":1208,"column":8},"end":{"line":1217,"column":10}},"691":{"start":{"line":1209,"column":31},"end":{"line":1209,"column":57}},"692":{"start":{"line":1211,"column":12},"end":{"line":1216,"column":18}},"693":{"start":{"line":1212,"column":29},"end":{"line":1212,"column":54}},"694":{"start":{"line":1214,"column":20},"end":{"line":1214,"column":45}},"695":{"start":{"line":1215,"column":20},"end":{"line":1215,"column":112}},"696":{"start":{"line":1220,"column":4},"end":{"line":1300,"column":6}},"697":{"start":{"line":1221,"column":21},"end":{"line":1221,"column":27}},"698":{"start":{"line":1222,"column":24},"end":{"line":1222,"column":35}},"699":{"start":{"line":1223,"column":22},"end":{"line":1223,"column":53}},"700":{"start":{"line":1224,"column":25},"end":{"line":1224,"column":30}},"701":{"start":{"line":1225,"column":22},"end":{"line":1225,"column":29}},"702":{"start":{"line":1226,"column":22},"end":{"line":1226,"column":27}},"703":{"start":{"line":1227,"column":21},"end":{"line":1227,"column":35}},"704":{"start":{"line":1228,"column":21},"end":{"line":1228,"column":25}},"705":{"start":{"line":1231,"column":8},"end":{"line":1242,"column":9}},"706":{"start":{"line":1232,"column":12},"end":{"line":1241,"column":18}},"707":{"start":{"line":1233,"column":30},"end":{"line":1233,"column":83}},"708":{"start":{"line":1235,"column":20},"end":{"line":1235,"column":36}},"709":{"start":{"line":1237,"column":20},"end":{"line":1237,"column":84}},"710":{"start":{"line":1240,"column":20},"end":{"line":1240,"column":38}},"711":{"start":{"line":1244,"column":8},"end":{"line":1258,"column":10}},"712":{"start":{"line":1245,"column":12},"end":{"line":1257,"column":18}},"713":{"start":{"line":1247,"column":20},"end":{"line":1247,"column":45}},"714":{"start":{"line":1248,"column":20},"end":{"line":1248,"column":48}},"715":{"start":{"line":1249,"column":20},"end":{"line":1249,"column":53}},"716":{"start":{"line":1251,"column":20},"end":{"line":1251,"column":59}},"717":{"start":{"line":1254,"column":20},"end":{"line":1254,"column":45}},"718":{"start":{"line":1255,"column":20},"end":{"line":1255,"column":47}},"719":{"start":{"line":1256,"column":20},"end":{"line":1256,"column":53}},"720":{"start":{"line":1304,"column":4},"end":{"line":1388,"column":6}},"721":{"start":{"line":1305,"column":21},"end":{"line":1305,"column":27}},"722":{"start":{"line":1306,"column":24},"end":{"line":1306,"column":35}},"723":{"start":{"line":1307,"column":22},"end":{"line":1307,"column":53}},"724":{"start":{"line":1308,"column":25},"end":{"line":1308,"column":30}},"725":{"start":{"line":1309,"column":22},"end":{"line":1309,"column":29}},"726":{"start":{"line":1310,"column":22},"end":{"line":1310,"column":27}},"727":{"start":{"line":1311,"column":21},"end":{"line":1311,"column":35}},"728":{"start":{"line":1312,"column":21},"end":{"line":1312,"column":25}},"729":{"start":{"line":1315,"column":8},"end":{"line":1326,"column":9}},"730":{"start":{"line":1316,"column":12},"end":{"line":1325,"column":18}},"731":{"start":{"line":1317,"column":30},"end":{"line":1317,"column":83}},"732":{"start":{"line":1319,"column":20},"end":{"line":1319,"column":36}},"733":{"start":{"line":1321,"column":20},"end":{"line":1321,"column":84}},"734":{"start":{"line":1324,"column":20},"end":{"line":1324,"column":38}},"735":{"start":{"line":1328,"column":8},"end":{"line":1334,"column":10}},"736":{"start":{"line":1329,"column":12},"end":{"line":1333,"column":18}},"737":{"start":{"line":1331,"column":20},"end":{"line":1331,"column":44}},"738":{"start":{"line":1332,"column":20},"end":{"line":1332,"column":52}},"739":{"start":{"line":1336,"column":8},"end":{"line":1345,"column":10}},"740":{"start":{"line":1337,"column":31},"end":{"line":1337,"column":57}},"741":{"start":{"line":1339,"column":12},"end":{"line":1344,"column":18}},"742":{"start":{"line":1340,"column":29},"end":{"line":1340,"column":56}},"743":{"start":{"line":1342,"column":20},"end":{"line":1342,"column":45}},"744":{"start":{"line":1343,"column":20},"end":{"line":1343,"column":78}},"745":{"start":{"line":1347,"column":8},"end":{"line":1352,"column":10}},"746":{"start":{"line":1348,"column":30},"end":{"line":1348,"column":39}},"747":{"start":{"line":1349,"column":12},"end":{"line":1351,"column":65}},"748":{"start":{"line":1350,"column":16},"end":{"line":1350,"column":42}},"749":{"start":{"line":1354,"column":8},"end":{"line":1359,"column":10}},"750":{"start":{"line":1355,"column":30},"end":{"line":1355,"column":33}},"751":{"start":{"line":1356,"column":12},"end":{"line":1358,"column":65}},"752":{"start":{"line":1357,"column":16},"end":{"line":1357,"column":42}},"753":{"start":{"line":1361,"column":8},"end":{"line":1366,"column":10}},"754":{"start":{"line":1362,"column":30},"end":{"line":1362,"column":34}},"755":{"start":{"line":1363,"column":12},"end":{"line":1365,"column":65}},"756":{"start":{"line":1364,"column":16},"end":{"line":1364,"column":42}},"757":{"start":{"line":1368,"column":8},"end":{"line":1373,"column":10}},"758":{"start":{"line":1369,"column":30},"end":{"line":1369,"column":38}},"759":{"start":{"line":1370,"column":12},"end":{"line":1372,"column":65}},"760":{"start":{"line":1371,"column":16},"end":{"line":1371,"column":42}},"761":{"start":{"line":1375,"column":8},"end":{"line":1380,"column":10}},"762":{"start":{"line":1376,"column":30},"end":{"line":1376,"column":46}},"763":{"start":{"line":1377,"column":12},"end":{"line":1379,"column":65}},"764":{"start":{"line":1378,"column":16},"end":{"line":1378,"column":42}},"765":{"start":{"line":1382,"column":8},"end":{"line":1387,"column":10}},"766":{"start":{"line":1383,"column":30},"end":{"line":1383,"column":32}},"767":{"start":{"line":1384,"column":12},"end":{"line":1386,"column":57}},"768":{"start":{"line":1385,"column":16},"end":{"line":1385,"column":42}},"769":{"start":{"line":1390,"column":4},"end":{"line":1398,"column":6}},"770":{"start":{"line":1391,"column":8},"end":{"line":1397,"column":10}},"771":{"start":{"line":1392,"column":12},"end":{"line":1396,"column":18}},"772":{"start":{"line":1394,"column":20},"end":{"line":1394,"column":45}},"773":{"start":{"line":1395,"column":20},"end":{"line":1395,"column":59}},"774":{"start":{"line":1400,"column":4},"end":{"line":1479,"column":6}},"775":{"start":{"line":1401,"column":21},"end":{"line":1401,"column":27}},"776":{"start":{"line":1402,"column":24},"end":{"line":1402,"column":35}},"777":{"start":{"line":1403,"column":22},"end":{"line":1403,"column":53}},"778":{"start":{"line":1404,"column":25},"end":{"line":1404,"column":30}},"779":{"start":{"line":1405,"column":22},"end":{"line":1405,"column":29}},"780":{"start":{"line":1406,"column":22},"end":{"line":1406,"column":27}},"781":{"start":{"line":1407,"column":21},"end":{"line":1407,"column":35}},"782":{"start":{"line":1408,"column":21},"end":{"line":1408,"column":25}},"783":{"start":{"line":1411,"column":8},"end":{"line":1425,"column":9}},"784":{"start":{"line":1412,"column":12},"end":{"line":1424,"column":18}},"785":{"start":{"line":1413,"column":30},"end":{"line":1413,"column":83}},"786":{"start":{"line":1415,"column":20},"end":{"line":1415,"column":36}},"787":{"start":{"line":1417,"column":20},"end":{"line":1417,"column":84}},"788":{"start":{"line":1420,"column":20},"end":{"line":1420,"column":38}},"789":{"start":{"line":1423,"column":20},"end":{"line":1423,"column":61}},"790":{"start":{"line":1428,"column":8},"end":{"line":1436,"column":10}},"791":{"start":{"line":1429,"column":12},"end":{"line":1435,"column":18}},"792":{"start":{"line":1431,"column":20},"end":{"line":1431,"column":49}},"793":{"start":{"line":1432,"column":20},"end":{"line":1432,"column":50}},"794":{"start":{"line":1433,"column":20},"end":{"line":1433,"column":69}},"795":{"start":{"line":1434,"column":20},"end":{"line":1434,"column":71}},"796":{"start":{"line":1438,"column":8},"end":{"line":1443,"column":10}},"797":{"start":{"line":1439,"column":30},"end":{"line":1439,"column":39}},"798":{"start":{"line":1440,"column":12},"end":{"line":1442,"column":65}},"799":{"start":{"line":1441,"column":16},"end":{"line":1441,"column":56}},"800":{"start":{"line":1445,"column":8},"end":{"line":1450,"column":10}},"801":{"start":{"line":1446,"column":30},"end":{"line":1446,"column":33}},"802":{"start":{"line":1447,"column":12},"end":{"line":1449,"column":65}},"803":{"start":{"line":1448,"column":16},"end":{"line":1448,"column":56}},"804":{"start":{"line":1452,"column":8},"end":{"line":1457,"column":10}},"805":{"start":{"line":1453,"column":30},"end":{"line":1453,"column":34}},"806":{"start":{"line":1454,"column":12},"end":{"line":1456,"column":65}},"807":{"start":{"line":1455,"column":16},"end":{"line":1455,"column":56}},"808":{"start":{"line":1459,"column":8},"end":{"line":1464,"column":10}},"809":{"start":{"line":1460,"column":30},"end":{"line":1460,"column":38}},"810":{"start":{"line":1461,"column":12},"end":{"line":1463,"column":65}},"811":{"start":{"line":1462,"column":16},"end":{"line":1462,"column":56}},"812":{"start":{"line":1466,"column":8},"end":{"line":1471,"column":10}},"813":{"start":{"line":1467,"column":30},"end":{"line":1467,"column":46}},"814":{"start":{"line":1468,"column":12},"end":{"line":1470,"column":65}},"815":{"start":{"line":1469,"column":16},"end":{"line":1469,"column":56}},"816":{"start":{"line":1473,"column":8},"end":{"line":1478,"column":10}},"817":{"start":{"line":1474,"column":30},"end":{"line":1474,"column":32}},"818":{"start":{"line":1475,"column":12},"end":{"line":1477,"column":57}},"819":{"start":{"line":1476,"column":16},"end":{"line":1476,"column":56}},"820":{"start":{"line":1481,"column":4},"end":{"line":1559,"column":6}},"821":{"start":{"line":1482,"column":21},"end":{"line":1482,"column":27}},"822":{"start":{"line":1483,"column":24},"end":{"line":1483,"column":35}},"823":{"start":{"line":1484,"column":22},"end":{"line":1484,"column":53}},"824":{"start":{"line":1485,"column":25},"end":{"line":1485,"column":30}},"825":{"start":{"line":1486,"column":22},"end":{"line":1486,"column":29}},"826":{"start":{"line":1487,"column":22},"end":{"line":1487,"column":27}},"827":{"start":{"line":1488,"column":21},"end":{"line":1488,"column":35}},"828":{"start":{"line":1489,"column":21},"end":{"line":1489,"column":25}},"829":{"start":{"line":1492,"column":8},"end":{"line":1506,"column":9}},"830":{"start":{"line":1493,"column":12},"end":{"line":1505,"column":18}},"831":{"start":{"line":1494,"column":30},"end":{"line":1494,"column":83}},"832":{"start":{"line":1496,"column":20},"end":{"line":1496,"column":36}},"833":{"start":{"line":1498,"column":20},"end":{"line":1498,"column":84}},"834":{"start":{"line":1501,"column":20},"end":{"line":1501,"column":38}},"835":{"start":{"line":1504,"column":20},"end":{"line":1504,"column":61}},"836":{"start":{"line":1508,"column":8},"end":{"line":1516,"column":10}},"837":{"start":{"line":1509,"column":12},"end":{"line":1515,"column":18}},"838":{"start":{"line":1511,"column":20},"end":{"line":1511,"column":49}},"839":{"start":{"line":1512,"column":20},"end":{"line":1512,"column":50}},"840":{"start":{"line":1513,"column":20},"end":{"line":1513,"column":69}},"841":{"start":{"line":1514,"column":20},"end":{"line":1514,"column":71}},"842":{"start":{"line":1518,"column":8},"end":{"line":1523,"column":10}},"843":{"start":{"line":1519,"column":31},"end":{"line":1519,"column":40}},"844":{"start":{"line":1520,"column":12},"end":{"line":1522,"column":66}},"845":{"start":{"line":1521,"column":16},"end":{"line":1521,"column":58}},"846":{"start":{"line":1525,"column":8},"end":{"line":1530,"column":10}},"847":{"start":{"line":1526,"column":31},"end":{"line":1526,"column":34}},"848":{"start":{"line":1527,"column":12},"end":{"line":1529,"column":66}},"849":{"start":{"line":1528,"column":16},"end":{"line":1528,"column":58}},"850":{"start":{"line":1532,"column":8},"end":{"line":1537,"column":10}},"851":{"start":{"line":1533,"column":31},"end":{"line":1533,"column":35}},"852":{"start":{"line":1534,"column":12},"end":{"line":1536,"column":66}},"853":{"start":{"line":1535,"column":16},"end":{"line":1535,"column":58}},"854":{"start":{"line":1539,"column":8},"end":{"line":1544,"column":10}},"855":{"start":{"line":1540,"column":31},"end":{"line":1540,"column":39}},"856":{"start":{"line":1541,"column":12},"end":{"line":1543,"column":66}},"857":{"start":{"line":1542,"column":16},"end":{"line":1542,"column":58}},"858":{"start":{"line":1546,"column":8},"end":{"line":1551,"column":10}},"859":{"start":{"line":1547,"column":31},"end":{"line":1547,"column":47}},"860":{"start":{"line":1548,"column":12},"end":{"line":1550,"column":66}},"861":{"start":{"line":1549,"column":16},"end":{"line":1549,"column":58}},"862":{"start":{"line":1553,"column":8},"end":{"line":1558,"column":10}},"863":{"start":{"line":1554,"column":31},"end":{"line":1554,"column":33}},"864":{"start":{"line":1555,"column":12},"end":{"line":1557,"column":58}},"865":{"start":{"line":1556,"column":16},"end":{"line":1556,"column":58}},"866":{"start":{"line":1561,"column":4},"end":{"line":1681,"column":6}},"867":{"start":{"line":1562,"column":21},"end":{"line":1562,"column":27}},"868":{"start":{"line":1563,"column":24},"end":{"line":1563,"column":35}},"869":{"start":{"line":1564,"column":22},"end":{"line":1564,"column":53}},"870":{"start":{"line":1565,"column":25},"end":{"line":1565,"column":30}},"871":{"start":{"line":1566,"column":22},"end":{"line":1566,"column":29}},"872":{"start":{"line":1567,"column":22},"end":{"line":1567,"column":27}},"873":{"start":{"line":1568,"column":21},"end":{"line":1568,"column":35}},"874":{"start":{"line":1569,"column":21},"end":{"line":1569,"column":25}},"875":{"start":{"line":1572,"column":8},"end":{"line":1586,"column":9}},"876":{"start":{"line":1573,"column":12},"end":{"line":1585,"column":18}},"877":{"start":{"line":1574,"column":30},"end":{"line":1574,"column":83}},"878":{"start":{"line":1576,"column":20},"end":{"line":1576,"column":36}},"879":{"start":{"line":1578,"column":20},"end":{"line":1578,"column":84}},"880":{"start":{"line":1581,"column":20},"end":{"line":1581,"column":38}},"881":{"start":{"line":1584,"column":20},"end":{"line":1584,"column":61}},"882":{"start":{"line":1588,"column":8},"end":{"line":1596,"column":10}},"883":{"start":{"line":1589,"column":12},"end":{"line":1595,"column":18}},"884":{"start":{"line":1591,"column":20},"end":{"line":1591,"column":49}},"885":{"start":{"line":1592,"column":20},"end":{"line":1592,"column":50}},"886":{"start":{"line":1593,"column":20},"end":{"line":1593,"column":69}},"887":{"start":{"line":1594,"column":20},"end":{"line":1594,"column":71}},"888":{"start":{"line":1598,"column":8},"end":{"line":1603,"column":10}},"889":{"start":{"line":1599,"column":30},"end":{"line":1599,"column":39}},"890":{"start":{"line":1600,"column":12},"end":{"line":1602,"column":65}},"891":{"start":{"line":1601,"column":16},"end":{"line":1601,"column":61}},"892":{"start":{"line":1605,"column":8},"end":{"line":1610,"column":10}},"893":{"start":{"line":1606,"column":30},"end":{"line":1606,"column":33}},"894":{"start":{"line":1607,"column":12},"end":{"line":1609,"column":65}},"895":{"start":{"line":1608,"column":16},"end":{"line":1608,"column":61}},"896":{"start":{"line":1612,"column":8},"end":{"line":1617,"column":10}},"897":{"start":{"line":1613,"column":30},"end":{"line":1613,"column":34}},"898":{"start":{"line":1614,"column":12},"end":{"line":1616,"column":65}},"899":{"start":{"line":1615,"column":16},"end":{"line":1615,"column":61}},"900":{"start":{"line":1619,"column":8},"end":{"line":1624,"column":10}},"901":{"start":{"line":1620,"column":30},"end":{"line":1620,"column":38}},"902":{"start":{"line":1621,"column":12},"end":{"line":1623,"column":65}},"903":{"start":{"line":1622,"column":16},"end":{"line":1622,"column":61}},"904":{"start":{"line":1626,"column":8},"end":{"line":1631,"column":10}},"905":{"start":{"line":1627,"column":30},"end":{"line":1627,"column":46}},"906":{"start":{"line":1628,"column":12},"end":{"line":1630,"column":65}},"907":{"start":{"line":1629,"column":16},"end":{"line":1629,"column":61}},"908":{"start":{"line":1633,"column":8},"end":{"line":1638,"column":10}},"909":{"start":{"line":1634,"column":30},"end":{"line":1634,"column":32}},"910":{"start":{"line":1635,"column":12},"end":{"line":1637,"column":57}},"911":{"start":{"line":1636,"column":16},"end":{"line":1636,"column":61}},"912":{"start":{"line":1640,"column":8},"end":{"line":1645,"column":10}},"913":{"start":{"line":1641,"column":31},"end":{"line":1641,"column":40}},"914":{"start":{"line":1642,"column":12},"end":{"line":1644,"column":66}},"915":{"start":{"line":1643,"column":16},"end":{"line":1643,"column":70}},"916":{"start":{"line":1647,"column":8},"end":{"line":1652,"column":10}},"917":{"start":{"line":1648,"column":31},"end":{"line":1648,"column":34}},"918":{"start":{"line":1649,"column":12},"end":{"line":1651,"column":66}},"919":{"start":{"line":1650,"column":16},"end":{"line":1650,"column":70}},"920":{"start":{"line":1654,"column":8},"end":{"line":1659,"column":10}},"921":{"start":{"line":1655,"column":31},"end":{"line":1655,"column":35}},"922":{"start":{"line":1656,"column":12},"end":{"line":1658,"column":66}},"923":{"start":{"line":1657,"column":16},"end":{"line":1657,"column":70}},"924":{"start":{"line":1661,"column":8},"end":{"line":1666,"column":10}},"925":{"start":{"line":1662,"column":31},"end":{"line":1662,"column":39}},"926":{"start":{"line":1663,"column":12},"end":{"line":1665,"column":66}},"927":{"start":{"line":1664,"column":16},"end":{"line":1664,"column":70}},"928":{"start":{"line":1668,"column":8},"end":{"line":1673,"column":10}},"929":{"start":{"line":1669,"column":31},"end":{"line":1669,"column":47}},"930":{"start":{"line":1670,"column":12},"end":{"line":1672,"column":66}},"931":{"start":{"line":1671,"column":16},"end":{"line":1671,"column":70}},"932":{"start":{"line":1675,"column":8},"end":{"line":1680,"column":10}},"933":{"start":{"line":1676,"column":31},"end":{"line":1676,"column":33}},"934":{"start":{"line":1677,"column":12},"end":{"line":1679,"column":58}},"935":{"start":{"line":1678,"column":16},"end":{"line":1678,"column":70}},"936":{"start":{"line":1683,"column":4},"end":{"line":1731,"column":6}},"937":{"start":{"line":1684,"column":21},"end":{"line":1684,"column":27}},"938":{"start":{"line":1685,"column":24},"end":{"line":1685,"column":35}},"939":{"start":{"line":1686,"column":22},"end":{"line":1686,"column":53}},"940":{"start":{"line":1687,"column":25},"end":{"line":1687,"column":30}},"941":{"start":{"line":1688,"column":22},"end":{"line":1688,"column":29}},"942":{"start":{"line":1689,"column":22},"end":{"line":1689,"column":27}},"943":{"start":{"line":1690,"column":21},"end":{"line":1690,"column":35}},"944":{"start":{"line":1691,"column":21},"end":{"line":1691,"column":25}},"945":{"start":{"line":1694,"column":8},"end":{"line":1711,"column":9}},"946":{"start":{"line":1695,"column":12},"end":{"line":1710,"column":18}},"947":{"start":{"line":1696,"column":30},"end":{"line":1696,"column":83}},"948":{"start":{"line":1698,"column":20},"end":{"line":1698,"column":36}},"949":{"start":{"line":1700,"column":20},"end":{"line":1700,"column":84}},"950":{"start":{"line":1703,"column":20},"end":{"line":1703,"column":38}},"951":{"start":{"line":1706,"column":20},"end":{"line":1706,"column":61}},"952":{"start":{"line":1709,"column":20},"end":{"line":1709,"column":40}},"953":{"start":{"line":1713,"column":8},"end":{"line":1719,"column":10}},"954":{"start":{"line":1714,"column":12},"end":{"line":1718,"column":18}},"955":{"start":{"line":1716,"column":20},"end":{"line":1716,"column":48}},"956":{"start":{"line":1717,"column":20},"end":{"line":1717,"column":53}},"957":{"start":{"line":1721,"column":8},"end":{"line":1730,"column":10}},"958":{"start":{"line":1722,"column":30},"end":{"line":1722,"column":56}},"959":{"start":{"line":1724,"column":12},"end":{"line":1729,"column":18}},"960":{"start":{"line":1725,"column":29},"end":{"line":1725,"column":56}},"961":{"start":{"line":1727,"column":20},"end":{"line":1727,"column":45}},"962":{"start":{"line":1728,"column":20},"end":{"line":1728,"column":70}},"963":{"start":{"line":1733,"column":4},"end":{"line":1903,"column":6}},"964":{"start":{"line":1734,"column":21},"end":{"line":1734,"column":27}},"965":{"start":{"line":1735,"column":24},"end":{"line":1735,"column":35}},"966":{"start":{"line":1736,"column":22},"end":{"line":1736,"column":53}},"967":{"start":{"line":1737,"column":25},"end":{"line":1737,"column":30}},"968":{"start":{"line":1738,"column":22},"end":{"line":1738,"column":29}},"969":{"start":{"line":1739,"column":22},"end":{"line":1739,"column":27}},"970":{"start":{"line":1740,"column":21},"end":{"line":1740,"column":35}},"971":{"start":{"line":1741,"column":21},"end":{"line":1741,"column":25}},"972":{"start":{"line":1742,"column":20},"end":{"line":1742,"column":28}},"973":{"start":{"line":1745,"column":8},"end":{"line":1762,"column":9}},"974":{"start":{"line":1746,"column":12},"end":{"line":1761,"column":18}},"975":{"start":{"line":1747,"column":30},"end":{"line":1747,"column":83}},"976":{"start":{"line":1749,"column":20},"end":{"line":1749,"column":36}},"977":{"start":{"line":1751,"column":20},"end":{"line":1751,"column":84}},"978":{"start":{"line":1754,"column":20},"end":{"line":1754,"column":38}},"979":{"start":{"line":1757,"column":20},"end":{"line":1757,"column":61}},"980":{"start":{"line":1760,"column":20},"end":{"line":1760,"column":40}},"981":{"start":{"line":1764,"column":8},"end":{"line":1778,"column":10}},"982":{"start":{"line":1765,"column":12},"end":{"line":1777,"column":18}},"983":{"start":{"line":1767,"column":20},"end":{"line":1767,"column":28}},"984":{"start":{"line":1768,"column":20},"end":{"line":1768,"column":55}},"985":{"start":{"line":1769,"column":20},"end":{"line":1769,"column":49}},"986":{"start":{"line":1771,"column":20},"end":{"line":1771,"column":52}},"987":{"start":{"line":1774,"column":20},"end":{"line":1774,"column":48}},"988":{"start":{"line":1775,"column":20},"end":{"line":1775,"column":52}},"989":{"start":{"line":1776,"column":20},"end":{"line":1776,"column":70}},"990":{"start":{"line":1780,"column":8},"end":{"line":1789,"column":10}},"991":{"start":{"line":1781,"column":30},"end":{"line":1781,"column":56}},"992":{"start":{"line":1783,"column":12},"end":{"line":1788,"column":18}},"993":{"start":{"line":1784,"column":29},"end":{"line":1784,"column":56}},"994":{"start":{"line":1786,"column":20},"end":{"line":1786,"column":45}},"995":{"start":{"line":1787,"column":20},"end":{"line":1787,"column":95}},"996":{"start":{"line":1791,"column":8},"end":{"line":1800,"column":10}},"997":{"start":{"line":1792,"column":32},"end":{"line":1792,"column":58}},"998":{"start":{"line":1794,"column":12},"end":{"line":1799,"column":18}},"999":{"start":{"line":1795,"column":29},"end":{"line":1795,"column":56}},"1000":{"start":{"line":1797,"column":20},"end":{"line":1797,"column":45}},"1001":{"start":{"line":1798,"column":20},"end":{"line":1798,"column":95}},"1002":{"start":{"line":1802,"column":8},"end":{"line":1812,"column":10}},"1003":{"start":{"line":1803,"column":30},"end":{"line":1803,"column":56}},"1004":{"start":{"line":1804,"column":32},"end":{"line":1804,"column":58}},"1005":{"start":{"line":1806,"column":12},"end":{"line":1811,"column":18}},"1006":{"start":{"line":1807,"column":29},"end":{"line":1807,"column":56}},"1007":{"start":{"line":1809,"column":20},"end":{"line":1809,"column":45}},"1008":{"start":{"line":1810,"column":20},"end":{"line":1810,"column":95}},"1009":{"start":{"line":1814,"column":8},"end":{"line":1819,"column":10}},"1010":{"start":{"line":1815,"column":30},"end":{"line":1815,"column":39}},"1011":{"start":{"line":1816,"column":12},"end":{"line":1818,"column":65}},"1012":{"start":{"line":1817,"column":16},"end":{"line":1817,"column":45}},"1013":{"start":{"line":1821,"column":8},"end":{"line":1826,"column":10}},"1014":{"start":{"line":1822,"column":30},"end":{"line":1822,"column":33}},"1015":{"start":{"line":1823,"column":12},"end":{"line":1825,"column":65}},"1016":{"start":{"line":1824,"column":16},"end":{"line":1824,"column":45}},"1017":{"start":{"line":1828,"column":8},"end":{"line":1833,"column":10}},"1018":{"start":{"line":1829,"column":30},"end":{"line":1829,"column":34}},"1019":{"start":{"line":1830,"column":12},"end":{"line":1832,"column":65}},"1020":{"start":{"line":1831,"column":16},"end":{"line":1831,"column":45}},"1021":{"start":{"line":1835,"column":8},"end":{"line":1840,"column":10}},"1022":{"start":{"line":1836,"column":30},"end":{"line":1836,"column":38}},"1023":{"start":{"line":1837,"column":12},"end":{"line":1839,"column":65}},"1024":{"start":{"line":1838,"column":16},"end":{"line":1838,"column":45}},"1025":{"start":{"line":1842,"column":8},"end":{"line":1847,"column":10}},"1026":{"start":{"line":1843,"column":30},"end":{"line":1843,"column":46}},"1027":{"start":{"line":1844,"column":12},"end":{"line":1846,"column":65}},"1028":{"start":{"line":1845,"column":16},"end":{"line":1845,"column":45}},"1029":{"start":{"line":1849,"column":8},"end":{"line":1854,"column":10}},"1030":{"start":{"line":1850,"column":30},"end":{"line":1850,"column":32}},"1031":{"start":{"line":1851,"column":12},"end":{"line":1853,"column":57}},"1032":{"start":{"line":1852,"column":16},"end":{"line":1852,"column":45}},"1033":{"start":{"line":1856,"column":8},"end":{"line":1861,"column":10}},"1034":{"start":{"line":1857,"column":32},"end":{"line":1857,"column":41}},"1035":{"start":{"line":1858,"column":12},"end":{"line":1860,"column":67}},"1036":{"start":{"line":1859,"column":16},"end":{"line":1859,"column":55}},"1037":{"start":{"line":1863,"column":8},"end":{"line":1868,"column":10}},"1038":{"start":{"line":1864,"column":32},"end":{"line":1864,"column":35}},"1039":{"start":{"line":1865,"column":12},"end":{"line":1867,"column":67}},"1040":{"start":{"line":1866,"column":16},"end":{"line":1866,"column":55}},"1041":{"start":{"line":1870,"column":8},"end":{"line":1875,"column":10}},"1042":{"start":{"line":1871,"column":32},"end":{"line":1871,"column":36}},"1043":{"start":{"line":1872,"column":12},"end":{"line":1874,"column":67}},"1044":{"start":{"line":1873,"column":16},"end":{"line":1873,"column":55}},"1045":{"start":{"line":1877,"column":8},"end":{"line":1882,"column":10}},"1046":{"start":{"line":1878,"column":32},"end":{"line":1878,"column":40}},"1047":{"start":{"line":1879,"column":12},"end":{"line":1881,"column":67}},"1048":{"start":{"line":1880,"column":16},"end":{"line":1880,"column":55}},"1049":{"start":{"line":1884,"column":8},"end":{"line":1889,"column":10}},"1050":{"start":{"line":1885,"column":32},"end":{"line":1885,"column":48}},"1051":{"start":{"line":1886,"column":12},"end":{"line":1888,"column":67}},"1052":{"start":{"line":1887,"column":16},"end":{"line":1887,"column":55}},"1053":{"start":{"line":1891,"column":8},"end":{"line":1896,"column":10}},"1054":{"start":{"line":1892,"column":32},"end":{"line":1892,"column":34}},"1055":{"start":{"line":1893,"column":12},"end":{"line":1895,"column":59}},"1056":{"start":{"line":1894,"column":16},"end":{"line":1894,"column":55}},"1057":{"start":{"line":1898,"column":8},"end":{"line":1902,"column":10}},"1058":{"start":{"line":1899,"column":12},"end":{"line":1901,"column":55}},"1059":{"start":{"line":1900,"column":16},"end":{"line":1900,"column":56}},"1060":{"start":{"line":1905,"column":4},"end":{"line":2064,"column":6}},"1061":{"start":{"line":1906,"column":21},"end":{"line":1906,"column":27}},"1062":{"start":{"line":1907,"column":24},"end":{"line":1907,"column":35}},"1063":{"start":{"line":1908,"column":22},"end":{"line":1908,"column":53}},"1064":{"start":{"line":1909,"column":25},"end":{"line":1909,"column":30}},"1065":{"start":{"line":1910,"column":22},"end":{"line":1910,"column":29}},"1066":{"start":{"line":1911,"column":22},"end":{"line":1911,"column":27}},"1067":{"start":{"line":1912,"column":21},"end":{"line":1912,"column":35}},"1068":{"start":{"line":1913,"column":21},"end":{"line":1913,"column":25}},"1069":{"start":{"line":1916,"column":8},"end":{"line":1933,"column":9}},"1070":{"start":{"line":1917,"column":12},"end":{"line":1932,"column":18}},"1071":{"start":{"line":1918,"column":30},"end":{"line":1918,"column":83}},"1072":{"start":{"line":1920,"column":20},"end":{"line":1920,"column":36}},"1073":{"start":{"line":1922,"column":20},"end":{"line":1922,"column":84}},"1074":{"start":{"line":1925,"column":20},"end":{"line":1925,"column":38}},"1075":{"start":{"line":1928,"column":20},"end":{"line":1928,"column":61}},"1076":{"start":{"line":1931,"column":20},"end":{"line":1931,"column":40}},"1077":{"start":{"line":1935,"column":8},"end":{"line":1945,"column":10}},"1078":{"start":{"line":1936,"column":12},"end":{"line":1944,"column":18}},"1079":{"start":{"line":1938,"column":20},"end":{"line":1938,"column":49}},"1080":{"start":{"line":1940,"column":20},"end":{"line":1940,"column":52}},"1081":{"start":{"line":1943,"column":20},"end":{"line":1943,"column":45}},"1082":{"start":{"line":1947,"column":8},"end":{"line":1956,"column":10}},"1083":{"start":{"line":1948,"column":30},"end":{"line":1948,"column":56}},"1084":{"start":{"line":1950,"column":12},"end":{"line":1955,"column":18}},"1085":{"start":{"line":1951,"column":29},"end":{"line":1951,"column":56}},"1086":{"start":{"line":1953,"column":20},"end":{"line":1953,"column":45}},"1087":{"start":{"line":1954,"column":20},"end":{"line":1954,"column":95}},"1088":{"start":{"line":1958,"column":8},"end":{"line":1967,"column":10}},"1089":{"start":{"line":1959,"column":32},"end":{"line":1959,"column":58}},"1090":{"start":{"line":1961,"column":12},"end":{"line":1966,"column":18}},"1091":{"start":{"line":1962,"column":29},"end":{"line":1962,"column":56}},"1092":{"start":{"line":1964,"column":20},"end":{"line":1964,"column":45}},"1093":{"start":{"line":1965,"column":20},"end":{"line":1965,"column":95}},"1094":{"start":{"line":1969,"column":8},"end":{"line":1979,"column":10}},"1095":{"start":{"line":1970,"column":30},"end":{"line":1970,"column":56}},"1096":{"start":{"line":1971,"column":32},"end":{"line":1971,"column":58}},"1097":{"start":{"line":1973,"column":12},"end":{"line":1978,"column":18}},"1098":{"start":{"line":1974,"column":29},"end"
[...]
mn":35},"end":{"line":500,"column":5}},"line":495},"86":{"name":"(anonymous_86)","decl":{"start":{"line":499,"column":18},"end":{"line":499,"column":19}},"loc":{"start":{"line":499,"column":30},"end":{"line":499,"column":38}},"line":499},"87":{"name":"(anonymous_87)","decl":{"start":{"line":502,"column":4},"end":{"line":502,"column":5}},"loc":{"start":{"line":502,"column":23},"end":{"line":505,"column":5}},"line":502},"88":{"name":"(anonymous_88)","decl":{"start":{"line":504,"column":18},"end":{"line":504,"column":19}},"loc":{"start":{"line":504,"column":30},"end":{"line":504,"column":38}},"line":504},"89":{"name":"(anonymous_89)","decl":{"start":{"line":507,"column":4},"end":{"line":507,"column":5}},"loc":{"start":{"line":507,"column":51},"end":{"line":520,"column":5}},"line":507},"90":{"name":"(anonymous_90)","decl":{"start":{"line":510,"column":18},"end":{"line":510,"column":19}},"loc":{"start":{"line":510,"column":26},"end":{"line":519,"column":13}},"line":510},"91":{"name":"(anonymous_91)","decl":{"start":{"line":514,"column":26},"end":{"line":514,"column":27}},"loc":{"start":{"line":514,"column":37},"end":{"line":518,"column":21}},"line":514},"92":{"name":"(anonymous_92)","decl":{"start":{"line":522,"column":4},"end":{"line":522,"column":5}},"loc":{"start":{"line":522,"column":37},"end":{"line":534,"column":5}},"line":522},"93":{"name":"(anonymous_93)","decl":{"start":{"line":526,"column":18},"end":{"line":526,"column":19}},"loc":{"start":{"line":526,"column":26},"end":{"line":530,"column":13}},"line":526},"94":{"name":"(anonymous_94)","decl":{"start":{"line":531,"column":18},"end":{"line":531,"column":19}},"loc":{"start":{"line":531,"column":24},"end":{"line":533,"column":13}},"line":531},"95":{"name":"(anonymous_95)","decl":{"start":{"line":536,"column":4},"end":{"line":536,"column":5}},"loc":{"start":{"line":536,"column":73},"end":{"line":600,"column":5}},"line":536},"96":{"name":"(anonymous_96)","decl":{"start":{"line":539,"column":32},"end":{"line":539,"column":33}},"loc":{"start":{"line":539,"column":59},"end":{"line":543,"column":9}},"line":539},"97":{"name":"(anonymous_97)","decl":{"start":{"line":540,"column":23},"end":{"line":540,"column":24}},"loc":{"start":{"line":540,"column":50},"end":{"line":542,"column":13}},"line":540},"98":{"name":"(anonymous_98)","decl":{"start":{"line":546,"column":18},"end":{"line":546,"column":19}},"loc":{"start":{"line":546,"column":30},"end":{"line":598,"column":13}},"line":546},"99":{"name":"(anonymous_99)","decl":{"start":{"line":556,"column":26},"end":{"line":556,"column":27}},"loc":{"start":{"line":556,"column":34},"end":{"line":560,"column":21}},"line":556},"100":{"name":"(anonymous_100)","decl":{"start":{"line":561,"column":26},"end":{"line":561,"column":27}},"loc":{"start":{"line":561,"column":35},"end":{"line":597,"column":21}},"line":561},"101":{"name":"(anonymous_101)","decl":{"start":{"line":571,"column":51},"end":{"line":571,"column":52}},"loc":{"start":{"line":571,"column":62},"end":{"line":571,"column":94}},"line":571},"102":{"name":"(anonymous_102)","decl":{"start":{"line":579,"column":34},"end":{"line":579,"column":35}},"loc":{"start":{"line":579,"column":40},"end":{"line":596,"column":29}},"line":579},"103":{"name":"(anonymous_103)","decl":{"start":{"line":580,"column":66},"end":{"line":580,"column":67}},"loc":{"start":{"line":580,"column":81},"end":{"line":582,"column":33}},"line":580},"104":{"name":"(anonymous_104)","decl":{"start":{"line":585,"column":42},"end":{"line":585,"column":43}},"loc":{"start":{"line":585,"column":48},"end":{"line":595,"column":37}},"line":585}},"branchMap":{"0":{"loc":{"start":{"line":40,"column":8},"end":{"line":40,"column":91}},"type":"if","locations":[{"start":{"line":40,"column":8},"end":{"line":40,"column":91}},{"start":{"line":40,"column":8},"end":{"line":40,"column":91}}],"line":40},"1":{"loc":{"start":{"line":45,"column":16},"end":{"line":45,"column":93}},"type":"if","locations":[{"start":{"line":45,"column":16},"end":{"line":45,"column":93}},{"start":{"line":45,"column":16},"end":{"line":45,"column":93}}],"line":45},"2":{"loc":{"start":{"line":69,"column":16},"end":{"line":69,"column":96}},"type":"if","locations":[{"start":{"line":69,"column":16},"end":{"line":69,"column":96}},{"start":{"line":69,"column":16},"end":{"line":69,"column":96}}],"line":69},"3":{"loc":{"start":{"line":73,"column":24},"end":{"line":73,"column":76}},"type":"if","locations":[{"start":{"line":73,"column":24},"end":{"line":73,"column":76}},{"start":{"line":73,"column":24},"end":{"line":73,"column":76}}],"line":73},"4":{"loc":{"start":{"line":86,"column":16},"end":{"line":86,"column":91}},"type":"if","locations":[{"start":{"line":86,"column":16},"end":{"line":86,"column":91}},{"start":{"line":86,"column":16},"end":{"line":86,"column":91}}],"line":86},"5":{"loc":{"start":{"line":101,"column":16},"end":{"line":101,"column":91}},"type":"if","locations":[{"start":{"line":101,"column":16},"end":{"line":101,"column":91}},{"start":{"line":101,"column":16},"end":{"line":101,"column":91}}],"line":101},"6":{"loc":{"start":{"line":118,"column":16},"end":{"line":118,"column":74}},"type":"if","locations":[{"start":{"line":118,"column":16},"end":{"line":118,"column":74}},{"start":{"line":118,"column":16},"end":{"line":118,"column":74}}],"line":118},"7":{"loc":{"start":{"line":153,"column":16},"end":{"line":153,"column":56}},"type":"if","locations":[{"start":{"line":153,"column":16},"end":{"line":153,"column":56}},{"start":{"line":153,"column":16},"end":{"line":153,"column":56}}],"line":153},"8":{"loc":{"start":{"line":157,"column":24},"end":{"line":157,"column":66}},"type":"if","locations":[{"start":{"line":157,"column":24},"end":{"line":157,"column":66}},{"start":{"line":157,"column":24},"end":{"line":157,"column":66}}],"line":157},"9":{"loc":{"start":{"line":186,"column":16},"end":{"line":186,"column":97}},"type":"if","locations":[{"start":{"line":186,"column":16},"end":{"line":186,"column":97}},{"start":{"line":186,"column":16},"end":{"line":186,"column":97}}],"line":186},"10":{"loc":{"start":{"line":200,"column":16},"end":{"line":200,"column":97}},"type":"if","locations":[{"start":{"line":200,"column":16},"end":{"line":200,"column":97}},{"start":{"line":200,"column":16},"end":{"line":200,"column":97}}],"line":200},"11":{"loc":{"start":{"line":219,"column":16},"end":{"line":219,"column":86}},"type":"if","locations":[{"start":{"line":219,"column":16},"end":{"line":219,"column":86}},{"start":{"line":219,"column":16},"end":{"line":219,"column":86}}],"line":219},"12":{"loc":{"start":{"line":223,"column":16},"end":{"line":223,"column":74}},"type":"if","locations":[{"start":{"line":223,"column":16},"end":{"line":223,"column":74}},{"start":{"line":223,"column":16},"end":{"line":223,"column":74}}],"line":223},"13":{"loc":{"start":{"line":231,"column":32},"end":{"line":231,"column":117}},"type":"if","locations":[{"start":{"line":231,"column":32},"end":{"line":231,"column":117}},{"start":{"line":231,"column":32},"end":{"line":231,"column":117}}],"line":231},"14":{"loc":{"start":{"line":244,"column":36},"end":{"line":244,"column":81}},"type":"if","locations":[{"start":{"line":244,"column":36},"end":{"line":244,"column":81}},{"start":{"line":244,"column":36},"end":{"line":244,"column":81}}],"line":244},"15":{"loc":{"start":{"line":252,"column":36},"end":{"line":252,"column":135}},"type":"if","locations":[{"start":{"line":252,"column":36},"end":{"line":252,"column":135}},{"start":{"line":252,"column":36},"end":{"line":252,"column":135}}],"line":252},"16":{"loc":{"start":{"line":283,"column":8},"end":{"line":283,"column":67}},"type":"if","locations":[{"start":{"line":283,"column":8},"end":{"line":283,"column":67}},{"start":{"line":283,"column":8},"end":{"line":283,"column":67}}],"line":283},"17":{"loc":{"start":{"line":290,"column":16},"end":{"line":290,"column":64}},"type":"if","locations":[{"start":{"line":290,"column":16},"end":{"line":290,"column":64}},{"start":{"line":290,"column":16},"end":{"line":290,"column":64}}],"line":290},"18":{"loc":{"start":{"line":297,"column":20},"end":{"line":297,"column":54}},"type":"if","locations":[{"start":{"line":297,"column":20},"end":{"line":297,"column":54}},{"start":{"line":297,"column":20},"end":{"line":297,"column":54}}],"line":297},"19":{"loc":{"start":{"line":303,"column":20},"end":{"line":303,"column":119}},"type":"if","locations":[{"start":{"line":303,"column":20},"end":{"line":303,"column":119}},{"start":{"line":303,"column":20},"end":{"line":303,"column":119}}],"line":303},"20":{"loc":{"start":{"line":314,"column":28},"end":{"line":314,"column":84}},"type":"if","locations":[{"start":{"line":314,"column":28},"end":{"line":314,"column":84}},{"start":{"line":314,"column":28},"end":{"line":314,"column":84}}],"line":314},"21":{"loc":{"start":{"line":323,"column":8},"end":{"line":323,"column":84}},"type":"if","locations":[{"start":{"line":323,"column":8},"end":{"line":323,"column":84}},{"start":{"line":323,"column":8},"end":{"line":323,"column":84}}],"line":323},"22":{"loc":{"start":{"line":325,"column":8},"end":{"line":325,"column":81}},"type":"if","locations":[{"start":{"line":325,"column":8},"end":{"line":325,"column":81}},{"start":{"line":325,"column":8},"end":{"line":325,"column":81}}],"line":325},"23":{"loc":{"start":{"line":329,"column":16},"end":{"line":329,"column":64}},"type":"if","locations":[{"start":{"line":329,"column":16},"end":{"line":329,"column":64}},{"start":{"line":329,"column":16},"end":{"line":329,"column":64}}],"line":329},"24":{"loc":{"start":{"line":333,"column":16},"end":{"line":333,"column":85}},"type":"if","locations":[{"start":{"line":333,"column":16},"end":{"line":333,"column":85}},{"start":{"line":333,"column":16},"end":{"line":333,"column":85}}],"line":333},"25":{"loc":{"start":{"line":340,"column":20},"end":{"line":340,"column":54}},"type":"if","locations":[{"start":{"line":340,"column":20},"end":{"line":340,"column":54}},{"start":{"line":340,"column":20},"end":{"line":340,"column":54}}],"line":340},"26":{"loc":{"start":{"line":346,"column":20},"end":{"line":346,"column":119}},"type":"if","locations":[{"start":{"line":346,"column":20},"end":{"line":346,"column":119}},{"start":{"line":346,"column":20},"end":{"line":346,"column":119}}],"line":346},"27":{"loc":{"start":{"line":360,"column":16},"end":{"line":360,"column":79}},"type":"if","locations":[{"start":{"line":360,"column":16},"end":{"line":360,"column":79}},{"start":{"line":360,"column":16},"end":{"line":360,"column":79}}],"line":360},"28":{"loc":{"start":{"line":377,"column":16},"end":{"line":377,"column":64}},"type":"if","locations":[{"start":{"line":377,"column":16},"end":{"line":377,"column":64}},{"start":{"line":377,"column":16},"end":{"line":377,"column":64}}],"line":377},"29":{"loc":{"start":{"line":410,"column":16},"end":{"line":410,"column":99}},"type":"if","locations":[{"start":{"line":410,"column":16},"end":{"line":410,"column":99}},{"start":{"line":410,"column":16},"end":{"line":410,"column":99}}],"line":410},"30":{"loc":{"start":{"line":425,"column":16},"end":{"line":425,"column":99}},"type":"if","locations":[{"start":{"line":425,"column":16},"end":{"line":425,"column":99}},{"start":{"line":425,"column":16},"end":{"line":425,"column":99}}],"line":425},"31":{"loc":{"start":{"line":442,"column":16},"end":{"line":442,"column":73}},"type":"if","locations":[{"start":{"line":442,"column":16},"end":{"line":442,"column":73}},{"start":{"line":442,"column":16},"end":{"line":442,"column":73}}],"line":442},"32":{"loc":{"start":{"line":456,"column":20},"end":{"line":456,"column":71}},"type":"if","locations":[{"start":{"line":456,"column":20},"end":{"line":456,"column":71}},{"start":{"line":456,"column":20},"end":{"line":456,"column":71}}],"line":456},"33":{"loc":{"start":{"line":470,"column":16},"end":{"line":470,"column":79}},"type":"if","locations":[{"start":{"line":470,"column":16},"end":{"line":470,"column":79}},{"start":{"line":470,"column":16},"end":{"line":470,"column":79}}],"line":470},"34":{"loc":{"start":{"line":473,"column":16},"end":{"line":476,"column":17}},"type":"if","locations":[{"start":{"line":473,"column":16},"end":{"line":476,"column":17}},{"start":{"line":473,"column":16},"end":{"line":476,"column":17}}],"line":473},"35":{"loc":{"start":{"line":488,"column":16},"end":{"line":488,"column":64}},"type":"if","locations":[{"start":{"line":488,"column":16},"end":{"line":488,"column":64}},{"start":{"line":488,"column":16},"end":{"line":488,"column":64}}],"line":488},"36":{"loc":{"start":{"line":511,"column":16},"end":{"line":511,"column":65}},"type":"if","locations":[{"start":{"line":511,"column":16},"end":{"line":511,"column":65}},{"start":{"line":511,"column":16},"end":{"line":511,"column":65}}],"line":511},"37":{"loc":{"start":{"line":515,"column":24},"end":{"line":515,"column":65}},"type":"if","locations":[{"start":{"line":515,"column":24},"end":{"line":515,"column":65}},{"start":{"line":515,"column":24},"end":{"line":515,"column":65}}],"line":515},"38":{"loc":{"start":{"line":527,"column":16},"end":{"line":527,"column":65}},"type":"if","locations":[{"start":{"line":527,"column":16},"end":{"line":527,"column":65}},{"start":{"line":527,"column":16},"end":{"line":527,"column":65}}],"line":527},"39":{"loc":{"start":{"line":536,"column":41},"end":{"line":536,"column":50}},"type":"default-arg","locations":[{"start":{"line":536,"column":49},"end":{"line":536,"column":50}}],"line":536},"40":{"loc":{"start":{"line":536,"column":52},"end":{"line":536,"column":71}},"type":"default-arg","locations":[{"start":{"line":536,"column":67},"end":{"line":536,"column":71}}],"line":536},"41":{"loc":{"start":{"line":548,"column":16},"end":{"line":548,"column":86}},"type":"if","locations":[{"start":{"line":548,"column":16},"end":{"line":548,"column":86}},{"start":{"line":548,"column":16},"end":{"line":548,"column":86}}],"line":548},"42":{"loc":{"start":{"line":553,"column":16},"end":{"line":553,"column":74}},"type":"if","locations":[{"start":{"line":553,"column":16},"end":{"line":553,"column":74}},{"start":{"line":553,"column":16},"end":{"line":553,"column":74}}],"line":553},"43":{"loc":{"start":{"line":557,"column":24},"end":{"line":557,"column":73}},"type":"if","locations":[{"start":{"line":557,"column":24},"end":{"line":557,"column":73}},{"start":{"line":557,"column":24},"end":{"line":557,"column":73}}],"line":557},"44":{"loc":{"start":{"line":562,"column":24},"end":{"line":562,"column":65}},"type":"if","locations":[{"start":{"line":562,"column":24},"end":{"line":562,"column":65}},{"start":{"line":562,"column":24},"end":{"line":562,"column":65}}],"line":562},"45":{"loc":{"start":{"line":564,"column":24},"end":{"line":572,"column":25}},"type":"if","locations":[{"start":{"line":564,"column":24},"end":{"line":572,"column":25}},{"start":{"line":564,"column":24},"end":{"line":572,"column":25}}],"line":564},"46":{"loc":{"start":{"line":564,"column":28},"end":{"line":564,"column":52}},"type":"binary-expr","locations":[{"start":{"line":564,"column":28},"end":{"line":564,"column":35}},{"start":{"line":564,"column":39},"end":{"line":564,"column":52}}],"line":564},"47":{"loc":{"start":{"line":581,"column":36},"end":{"line":581,"column":70}},"type":"if","locations":[{"start":{"line":581,"column":36},"end":{"line":581,"column":70}},{"start":{"line":581,"column":36},"end":{"line":581,"column":70}}],"line":581},"48":{"loc":{"start":{"line":588,"column":40},"end":{"line":590,"column":41}},"type":"if","locations":[{"start":{"line":588,"column":40},"end":{"line":590,"column":41}},{"start":{"line":588,"column":40},"end":{"line":590,"column":41}}],"line":588}},"s":{"0":1,"1":1,"2":1,"3":1,"4":1,"5":1,"6":1,"7":1,"8":1,"9":46,"10":4,"11":1,"12":3,"13":3,"14":1,"15":2,"16":2,"17":2,"18":3,"19":3,"20":3,"21":1,"22":2,"23":2,"24":1,"25":1,"26":8,"27":2,"28":2,"29":1,"30":1,"31":1,"32":1,"33":12,"34":2,"35":2,"36":1,"37":1,"38":1,"39":2,"40":2,"41":2,"42":1,"43":1,"44":1,"45":1,"46":6,"47":1,"48":1,"49":7,"50":1,"51":1,"52":3,"53":3,"54":3,"55":1,"56":2,"57":2,"58":1,"59":1,"60":1,"61":1,"62":1,"63":1,"64":7,"65":1,"66":1,"67":15,"68":2,"69":2,"70":1,"71":1,"72":1,"73":14,"74":2,"75":2,"76":1,"77":1,"78":1,"79":5,"80":5,"81":5,"82":5,"83":5,"84":0,"85":5,"86":5,"87":1,"88":4,"89":2,"90":2,"91":0,"92":2,"93":2,"94":2,"95":2,"96":2,"97":4,"98":2,"99":2,"100":0,"101":2,"102":2,"103":2,"104":2,"105":2,"106":2,"107":3,"108":2,"109":2,"110":0,"111":2,"112":2,"113":2,"114":0,"115":2,"116":2,"117":2,"118":2,"119":2,"120":0,"121":2,"122":2,"123":2,"124":2,"125":2,"126":2,"127":2,"128":2,"129":2,"130":0,"131":2,"132":0,"133":0,"134":0,"135":0,"136":0,"137":0,"138":0,"139":0,"140":0,"141":0,"142":0,"143":0,"144":0,"145":0,"146":0,"147":0,"148":0,"149":0,"150":0,"151":0,"152":0,"153":8,"154":2,"155":2,"156":1,"157":1,"158":1,"159":1,"160":1,"161":2,"162":2,"163":2,"164":1,"165":1,"166":1,"167":7,"168":1,"169":1,"170":7,"171":1,"172":1,"173":13,"174":1,"175":1,"176":17,"177":4,"178":4,"179":3,"180":1,"181":1,"182":16,"183":4,"184":4,"185":3,"186":1,"187":1,"188":13,"189":2,"190":2,"191":1,"192":1,"193":1,"194":0,"195":0,"196":1,"197":2,"198":2,"199":2,"200":2,"201":1,"202":1,"203":1,"204":1,"205":1,"206":1,"207":1,"208":2,"209":2,"210":2,"211":1,"212":1,"213":1,"214":1,"215":1,"216":1,"217":1,"218":1,"219":3,"220":3,"221":3,"222":1,"223":2,"224":2,"225":1,"226":1,"227":2,"228":2,"229":2,"230":1,"231":1,"232":1,"233":3,"234":3,"235":3,"236":3,"237":3,"238":3,"239":0,"240":3,"241":3,"242":3,"243":0,"244":3,"245":3,"246":0,"247":3,"248":3,"249":0,"250":3,"251":1,"252":1,"253":1,"254":1,"255":3,"256":3,"257":3,"258":3,"259":3,"260":3,"261":0,"262":3,"263":3,"264":3,"265":2,"266":1,"267":1,"268":1,"269":1},"f":{"0":46,"1":3,"2":2,"3":2,"4":3,"5":3,"6":2,"7":8,"8":2,"9":12,"10":2,"11":1,"12":2,"13":2,"14":6,"15":1,"16":7,"17":1,"18":3,"19":3,"20":2,"21":1,"22":1,"23":7,"24":1,"25":15,"26":2,"27":1,"28":14,"29":2,"30":1,"31":5,"32":5,"33":5,"34":5,"35":2,"36":2,"37":2,"38":4,"39":2,"40":2,"41":3,"42":2,"43":2,"44":2,"45":2,"46":2,"47":2,"48":2,"49":0,"50":0,"51":0,"52":0,"53":0,"54":0,"55":8,"56":2,"57":1,"58":1,"59":1,"60":2,"61":2,"62":1,"63":7,"64":1,"65":7,"66":1,"67":13,"68":1,"69":17,"70":4,"71":1,"72":16,"73":4,"74":1,"75":13,"76":2,"77":0,"78":2,"79":2,"80":1,"81":1,"82":2,"83":2,"84":1,"85":1,"86":1,"87":1,"88":1,"89":3,"90":3,"91":2,"92":2,"93":2,"94":1,"95":3,"96":3,"97":3,"98":3,"99":3,"100":3,"101":3,"102":3,"103":3,"104":3},"b":{"0":[1,3],"1":[1,2],"2":[1,2],"3":[1,1],"4":[1,1],"5":[1,1],"6":[1,1],"7":[1,2],"8":[1,1],"9":[1,1],"10":[1,1],"11":[0,5],"12":[1,4],"13":[0,2],"14":[0,2],"15":[2,0],"16":[0,2],"17":[0,2],"18":[0,2],"19":[2,0],"20":[0,2],"21":[0,0],"22":[0,0],"23":[0,0],"24":[0,0],"25":[0,0],"26":[0,0],"27":[1,1],"28":[1,1],"29":[3,1],"30":[3,1],"31":[1,1],"32":[0,0],"33":[1,1],"34":[1,0],"35":[1,1],"36":[1,2],"37":[1,1],"38":[1,1],"39":[1],"40":[1],"41":[0,3],"42":[0,3],"43":[0,3],"44":[0,3],"45":[1,2],"46":[3,1],"47":[0,3],"48":[2,1]},"_coverageSchema":"43e27e138ebf9cfc5966b082cf9a028302ed4184","hash":"f43bee796d4752076aa79b9ca17da19cb5fbdd1d","contentHash":"250b4f4165076848c07f1974286cec1ba9751cc22949f429f6f6f02850758a7b"},"/Users/boversauros/bootcamp/collab/skylab-bootcamp-201901/staff/oriol-bover/fly-me/flyme-api/src/mail/index.js":{"path":"/Users/boversauros/bootcamp/collab/skylab-bootcamp-201901/staff/oriol-bover/fly-me/flyme-api/src/mail/index.js","statementMap":{"0":{"start":{"line":3,"column":0},"end":{"line":3,"column":26}},"1":{"start":{"line":4,"column":19},"end":{"line":4,"column":40}},"2":{"start":{"line":6,"column":37},"end":{"line":6,"column":44}},"3":{"start":{"line":9,"column":20},"end":{"line":15,"column":2}},"4":{"start":{"line":17,"column":0},"end":{"line":17,"column":28}}},"fnMap":{},"branchMap":{},"s":{"0":1,"1":1,"2":1,"3":1,"4":1},"f":{},"b":{},"_coverageSchema":"43e27e138ebf9cfc5966b082cf9a028302ed4184","hash":"92c77bd1c4849c3dc10f914db67b980943588488","contentHash":"5bf1d73e2296f30f3d416ebc6b462f800f07e48cd61fc96c5f7b38148b9404dc"}}